42.0 APEX_CODE,FINEST;APEX_PROFILING,INFO;CALLOUT,INFO;DB,INFO;SYSTEM,DEBUG;VALIDATION,INFO;VISUALFORCE,INFO;WAVE,INFO;WORKFLOW,INFO
Execute Anonymous: Project__c p = [SELECT Name,Status__c FROM Project__c WHERE Name = 'Onboarding'];
Execute Anonymous: Test_Case__c a = new Test_Case__c(Name = 'Test 2',Title__c = 'El Title', Project__c = p.Id);
Execute Anonymous: insert a;
17:07:49.1 (1164405)|USER_INFO|[EXTERNAL]|005f4000001eieE|dpineyro.onboarding@altimetrik.com|Hora de Argentina|GMT-03:00
17:07:49.1 (1198550)|EXECUTION_STARTED
17:07:49.1 (1204355)|CODE_UNIT_STARTED|[EXTERNAL]|execute_anonymous_apex
17:07:49.1 (1384040)|VARIABLE_SCOPE_BEGIN|[2]|a|Test_Case__c|true|false
17:07:49.1 (1433439)|VARIABLE_SCOPE_BEGIN|[1]|p|Project__c|true|false
17:07:49.1 (1558513)|HEAP_ALLOCATE|[72]|Bytes:3
17:07:49.1 (1592838)|HEAP_ALLOCATE|[77]|Bytes:152
17:07:49.1 (1607205)|HEAP_ALLOCATE|[342]|Bytes:408
17:07:49.1 (1618811)|HEAP_ALLOCATE|[355]|Bytes:408
17:07:49.1 (1629407)|HEAP_ALLOCATE|[467]|Bytes:48
17:07:49.1 (1661690)|HEAP_ALLOCATE|[139]|Bytes:6
17:07:49.1 (1686681)|HEAP_ALLOCATE|[EXTERNAL]|Bytes:5
17:07:49.1 (1803245)|STATEMENT_EXECUTE|[1]
17:07:49.1 (1817199)|STATEMENT_EXECUTE|[1]
17:07:49.1 (1821024)|HEAP_ALLOCATE|[1]|Bytes:64
17:07:49.1 (1836929)|HEAP_ALLOCATE|[1]|Bytes:4
17:07:49.1 (1875875)|HEAP_ALLOCATE|[50]|Bytes:5
17:07:49.1 (1894005)|HEAP_ALLOCATE|[56]|Bytes:5
17:07:49.1 (1901049)|HEAP_ALLOCATE|[64]|Bytes:7
17:07:49.1 (2152492)|SOQL_EXECUTE_BEGIN|[1]|Aggregations:0|SELECT Name, Status__c FROM Project__c WHERE Name = 'Onboarding'
17:07:49.1 (6456404)|SOQL_EXECUTE_END|[1]|Rows:1
17:07:49.1 (6478300)|HEAP_ALLOCATE|[1]|Bytes:8
17:07:49.1 (6490552)|HEAP_ALLOCATE|[1]|Bytes:67
17:07:49.1 (6573882)|HEAP_ALLOCATE|[1]|Bytes:8
17:07:49.1 (6587212)|HEAP_ALLOCATE|[1]|Bytes:36
17:07:49.1 (6619309)|HEAP_ALLOCATE|[1]|Bytes:16
17:07:49.1 (6659537)|VARIABLE_ASSIGNMENT|[1]|p|{"Name":"Onboarding","Status__c":"Ongoing","Id":"a00f4000006OdBEAA0"}|0x1cf32fa6
17:07:49.1 (6667252)|STATEMENT_EXECUTE|[2]
17:07:49.1 (6688880)|HEAP_ALLOCATE|[2]|Bytes:4
17:07:49.1 (6758423)|HEAP_ALLOCATE|[2]|Bytes:6
17:07:49.1 (6799337)|VARIABLE_ASSIGNMENT|[2]|this.Name|"Test 2"|0xfdbeaa0
17:07:49.1 (6806040)|HEAP_ALLOCATE|[2]|Bytes:8
17:07:49.1 (6837751)|VARIABLE_ASSIGNMENT|[2]|this.Title__c|"El Title"|0xfdbeaa0
17:07:49.1 (6879251)|VARIABLE_ASSIGNMENT|[2]|this.Project__c|"a00f4000006OdBEAA0"|0xfdbeaa0
17:07:49.1 (6912278)|VARIABLE_ASSIGNMENT|[2]|a|{"Name":"Test 2","Title__c":"El Title","Project__c":"a00f4000006OdBEAA0"}|0xfdbeaa0
17:07:49.1 (6918786)|STATEMENT_EXECUTE|[3]
17:07:49.1 (6939793)|HEAP_ALLOCATE|[3]|Bytes:8
17:07:49.1 (6952574)|DML_BEGIN|[3]|Op:Insert|Type:Test_Case__c|Rows:1
17:07:49.1 (6980324)|HEAP_ALLOCATE|[EXTERNAL]|Bytes:8
17:07:49.1 (11557483)|CODE_UNIT_STARTED|[EXTERNAL]|01qf4000000Nply|insertTestCase on Test_Case trigger event BeforeInsert
17:07:49.1 (11589570)|HEAP_ALLOCATE|[EXTERNAL]|Bytes:8
17:07:49.1 (11683837)|HEAP_ALLOCATE|[EXTERNAL]|Bytes:1
17:07:49.1 (11699850)|HEAP_ALLOCATE|[EXTERNAL]|Bytes:4
17:07:49.1 (11707687)|VARIABLE_SCOPE_BEGIN|[1]|this|insertTestCase|true|false
17:07:49.1 (11732070)|VARIABLE_ASSIGNMENT|[1]|this|{}|0x4b2e55dc
17:07:49.1 (11780791)|HEAP_ALLOCATE|[EXTERNAL]|Bytes:4
17:07:49.1 (11787729)|VARIABLE_SCOPE_BEGIN|[1]|this|insertTestCase|true|false
17:07:49.1 (11799876)|VARIABLE_ASSIGNMENT|[1]|this|{}|0x4b2e55dc
17:07:49.1 (11806634)|STATEMENT_EXECUTE|[1]
17:07:49.1 (11808550)|STATEMENT_EXECUTE|[2]
17:07:49.1 (12085232)|USER_DEBUG|[2]|DEBUG|(Test_Case__c:{Id=null, OwnerId=005f4000001eieEAAQ, IsDeleted=false, Name=Test 2, CreatedDate=null, CreatedById=null, LastModifiedDate=null, LastModifiedById=null, SystemModstamp=null, LastViewedDate=null, LastReferencedDate=null, Title__c=El Title, Description__c=null, Preconditions__c=null, Project__c=a00f4000006OdBEAA0, user_story__c=null})
17:07:49.12 (12108972)|CUMULATIVE_LIMIT_USAGE
17:07:49.12 (12108972)|LIMIT_USAGE_FOR_NS|(default)|
  Number of SOQL queries: 1 out of 100
  Number of query rows: 1 out of 50000
  Number of SOSL queries: 0 out of 20
  Number of DML statements: 1 out of 150
  Number of DML rows: 1 out of 10000
  Maximum CPU time: 0 out of 10000
  Maximum heap size: 0 out of 6000000
  Number of callouts: 0 out of 100
  Number of Email Invocations: 0 out of 10
  Number of future calls: 0 out of 50
  Number of queueable jobs added to the queue: 0 out of 50
  Number of Mobile Apex push calls: 0 out of 10

17:07:49.12 (12108972)|CUMULATIVE_LIMIT_USAGE_END

17:07:49.1 (12894253)|CODE_UNIT_FINISHED|insertTestCase on Test_Case trigger event BeforeInsert
17:07:49.1 (42432384)|DML_END|[3]
17:07:49.44 (44944903)|CUMULATIVE_LIMIT_USAGE
17:07:49.44 (44944903)|LIMIT_USAGE_FOR_NS|(default)|
  Number of SOQL queries: 1 out of 100
  Number of query rows: 1 out of 50000
  Number of SOSL queries: 0 out of 20
  Number of DML statements: 1 out of 150
  Number of DML rows: 1 out of 10000
  Maximum CPU time: 0 out of 10000
  Maximum heap size: 0 out of 6000000
  Number of callouts: 0 out of 100
  Number of Email Invocations: 0 out of 10
  Number of future calls: 0 out of 50
  Number of queueable jobs added to the queue: 0 out of 50
  Number of Mobile Apex push calls: 0 out of 10

17:07:49.44 (44944903)|CUMULATIVE_LIMIT_USAGE_END

17:07:49.1 (44981195)|CODE_UNIT_FINISHED|execute_anonymous_apex
17:07:49.1 (45951472)|EXECUTION_FINISHED
