42.0 APEX_CODE,FINEST;APEX_PROFILING,INFO;CALLOUT,INFO;DB,INFO;SYSTEM,DEBUG;VALIDATION,INFO;VISUALFORCE,INFO;WAVE,INFO;WORKFLOW,INFO
Execute Anonymous: Project__c p = [SELECT Name,Status__c FROM Project__c WHERE Name = 'Onboarding'];
Execute Anonymous: Test_Case__c a = new Test_Case__c(Name = 'Test 2',Title__c = 'El Title', Project__c = p.Id);
Execute Anonymous: insert a;
17:22:42.1 (1193141)|USER_INFO|[EXTERNAL]|005f4000001eieE|dpineyro.onboarding@altimetrik.com|Hora de Argentina|GMT-03:00
17:22:42.1 (1221517)|EXECUTION_STARTED
17:22:42.1 (1226772)|CODE_UNIT_STARTED|[EXTERNAL]|execute_anonymous_apex
17:22:42.1 (1404590)|VARIABLE_SCOPE_BEGIN|[2]|a|Test_Case__c|true|false
17:22:42.1 (1609536)|VARIABLE_SCOPE_BEGIN|[1]|p|Project__c|true|false
17:22:42.1 (1743500)|HEAP_ALLOCATE|[72]|Bytes:3
17:22:42.1 (1803443)|HEAP_ALLOCATE|[77]|Bytes:152
17:22:42.1 (1824645)|HEAP_ALLOCATE|[342]|Bytes:408
17:22:42.1 (1844350)|HEAP_ALLOCATE|[355]|Bytes:408
17:22:42.1 (1863607)|HEAP_ALLOCATE|[467]|Bytes:48
17:22:42.1 (1899802)|HEAP_ALLOCATE|[139]|Bytes:6
17:22:42.1 (1931266)|HEAP_ALLOCATE|[EXTERNAL]|Bytes:5
17:22:42.1 (2096700)|STATEMENT_EXECUTE|[1]
17:22:42.1 (2101340)|STATEMENT_EXECUTE|[1]
17:22:42.1 (2106898)|HEAP_ALLOCATE|[1]|Bytes:64
17:22:42.1 (2132547)|HEAP_ALLOCATE|[1]|Bytes:4
17:22:42.1 (2184374)|HEAP_ALLOCATE|[50]|Bytes:5
17:22:42.1 (2211185)|HEAP_ALLOCATE|[56]|Bytes:5
17:22:42.1 (2225236)|HEAP_ALLOCATE|[64]|Bytes:7
17:22:42.1 (2466071)|SOQL_EXECUTE_BEGIN|[1]|Aggregations:0|SELECT Name, Status__c FROM Project__c WHERE Name = 'Onboarding'
17:22:42.1 (7148215)|SOQL_EXECUTE_END|[1]|Rows:1
17:22:42.1 (7172478)|HEAP_ALLOCATE|[1]|Bytes:8
17:22:42.1 (7186524)|HEAP_ALLOCATE|[1]|Bytes:67
17:22:42.1 (7274777)|HEAP_ALLOCATE|[1]|Bytes:8
17:22:42.1 (7286657)|HEAP_ALLOCATE|[1]|Bytes:36
17:22:42.1 (7334573)|HEAP_ALLOCATE|[1]|Bytes:16
17:22:42.1 (7444120)|VARIABLE_ASSIGNMENT|[1]|p|{"Name":"Onboarding","Status__c":"Ongoing","Id":"a00f4000006OdBEAA0"}|0x2cd25ec5
17:22:42.1 (7452385)|STATEMENT_EXECUTE|[2]
17:22:42.1 (7475020)|HEAP_ALLOCATE|[2]|Bytes:4
17:22:42.1 (7543954)|HEAP_ALLOCATE|[2]|Bytes:6
17:22:42.1 (7584050)|VARIABLE_ASSIGNMENT|[2]|this.Name|"Test 2"|0x45d41d65
17:22:42.1 (7591907)|HEAP_ALLOCATE|[2]|Bytes:8
17:22:42.1 (7622463)|VARIABLE_ASSIGNMENT|[2]|this.Title__c|"El Title"|0x45d41d65
17:22:42.1 (7665439)|VARIABLE_ASSIGNMENT|[2]|this.Project__c|"a00f4000006OdBEAA0"|0x45d41d65
17:22:42.1 (7699605)|VARIABLE_ASSIGNMENT|[2]|a|{"Name":"Test 2","Title__c":"El Title","Project__c":"a00f4000006OdBEAA0"}|0x45d41d65
17:22:42.1 (7706110)|STATEMENT_EXECUTE|[3]
17:22:42.1 (7725921)|HEAP_ALLOCATE|[3]|Bytes:8
17:22:42.1 (7737528)|DML_BEGIN|[3]|Op:Insert|Type:Test_Case__c|Rows:1
17:22:42.1 (7766047)|HEAP_ALLOCATE|[EXTERNAL]|Bytes:8
17:22:42.1 (12910148)|CODE_UNIT_STARTED|[EXTERNAL]|01qf4000000Nply|insertTestCase on Test_Case trigger event BeforeInsert
17:22:42.1 (12957318)|HEAP_ALLOCATE|[EXTERNAL]|Bytes:8
17:22:42.1 (13050705)|HEAP_ALLOCATE|[EXTERNAL]|Bytes:1
17:22:42.1 (13089637)|HEAP_ALLOCATE|[EXTERNAL]|Bytes:8
17:22:42.1 (13103866)|VARIABLE_SCOPE_BEGIN|[1]|this|insertTestCase|true|false
17:22:42.1 (13168024)|VARIABLE_ASSIGNMENT|[1]|this|{}|0x6682c893
17:22:42.1 (13242000)|HEAP_ALLOCATE|[EXTERNAL]|Bytes:8
17:22:42.1 (13252581)|VARIABLE_SCOPE_BEGIN|[1]|this|insertTestCase|true|false
17:22:42.1 (13272525)|VARIABLE_ASSIGNMENT|[1]|this|{}|0x6682c893
17:22:42.1 (13283027)|STATEMENT_EXECUTE|[1]
17:22:42.1 (13286032)|STATEMENT_EXECUTE|[2]
17:22:42.1 (13315671)|HEAP_ALLOCATE|[2]|Bytes:4
17:22:42.1 (13500437)|HEAP_ALLOCATE|[2]|Bytes:4
17:22:42.1 (13511356)|HEAP_ALLOCATE|[2]|Bytes:4
17:22:42.1 (13517108)|HEAP_ALLOCATE|[2]|Bytes:4
17:22:42.1 (13546269)|HEAP_ALLOCATE|[EXTERNAL]|Bytes:8
17:22:42.1 (13805228)|VARIABLE_ASSIGNMENT|[2]|this.c|[{"IsDeleted":false,"OwnerId":"005f4000001eieEAAQ","Project__c":"a00f4000006OdBEAA0","Name":"Test 2","Title__c":"El Title"}]|0x6682c893
17:22:42.1 (13820547)|STATEMENT_EXECUTE|[3]
17:22:42.1 (13921305)|HEAP_ALLOCATE|[3]|Bytes:31
17:22:42.1 (14107858)|FATAL_ERROR|System.ListException: List index out of bounds: 5

Trigger.insertTestCase: line 3, column 1
17:22:42.1 (14126857)|FATAL_ERROR|System.ListException: List index out of bounds: 5

Trigger.insertTestCase: line 3, column 1
17:22:42.14 (14192252)|CUMULATIVE_LIMIT_USAGE
17:22:42.14 (14192252)|LIMIT_USAGE_FOR_NS|(default)|
  Number of SOQL queries: 1 out of 100
  Number of query rows: 1 out of 50000
  Number of SOSL queries: 0 out of 20
  Number of DML statements: 1 out of 150
  Number of DML rows: 1 out of 10000
  Maximum CPU time: 0 out of 10000
  Maximum heap size: 0 out of 6000000
  Number of callouts: 0 out of 100
  Number of Email Invocations: 0 out of 10
  Number of future calls: 0 out of 50
  Number of queueable jobs added to the queue: 0 out of 50
  Number of Mobile Apex push calls: 0 out of 10

17:22:42.14 (14192252)|CUMULATIVE_LIMIT_USAGE_END

17:22:42.1 (15312474)|CODE_UNIT_FINISHED|insertTestCase on Test_Case trigger event BeforeInsert
