42.0 APEX_CODE,FINEST;APEX_PROFILING,INFO;CALLOUT,INFO;DB,INFO;SYSTEM,DEBUG;VALIDATION,INFO;VISUALFORCE,INFO;WAVE,INFO;WORKFLOW,INFO
Execute Anonymous: Project__c p = [SELECT Name,Status__c FROM Project__c WHERE Name = 'Onboarding'];
Execute Anonymous: Test_Case__c a = new Test_Case__c(Name = 'Test 2',Title__c = 'El Title', Project__c = p.Id);
Execute Anonymous: insert a;
17:26:20.1 (1206430)|USER_INFO|[EXTERNAL]|005f4000001eieE|dpineyro.onboarding@altimetrik.com|Hora de Argentina|GMT-03:00
17:26:20.1 (1233224)|EXECUTION_STARTED
17:26:20.1 (1238609)|CODE_UNIT_STARTED|[EXTERNAL]|execute_anonymous_apex
17:26:20.1 (1410282)|VARIABLE_SCOPE_BEGIN|[2]|a|Test_Case__c|true|false
17:26:20.1 (1449522)|VARIABLE_SCOPE_BEGIN|[1]|p|Project__c|true|false
17:26:20.1 (1590469)|HEAP_ALLOCATE|[72]|Bytes:3
17:26:20.1 (1628288)|HEAP_ALLOCATE|[77]|Bytes:152
17:26:20.1 (1649017)|HEAP_ALLOCATE|[342]|Bytes:408
17:26:20.1 (1671523)|HEAP_ALLOCATE|[355]|Bytes:408
17:26:20.1 (1691506)|HEAP_ALLOCATE|[467]|Bytes:48
17:26:20.1 (1725842)|HEAP_ALLOCATE|[139]|Bytes:6
17:26:20.1 (1749587)|HEAP_ALLOCATE|[EXTERNAL]|Bytes:5
17:26:20.1 (1905341)|STATEMENT_EXECUTE|[1]
17:26:20.1 (1909664)|STATEMENT_EXECUTE|[1]
17:26:20.1 (1914152)|HEAP_ALLOCATE|[1]|Bytes:64
17:26:20.1 (1935117)|HEAP_ALLOCATE|[1]|Bytes:4
17:26:20.1 (1982126)|HEAP_ALLOCATE|[50]|Bytes:5
17:26:20.1 (2010408)|HEAP_ALLOCATE|[56]|Bytes:5
17:26:20.1 (2022952)|HEAP_ALLOCATE|[64]|Bytes:7
17:26:20.1 (2277701)|SOQL_EXECUTE_BEGIN|[1]|Aggregations:0|SELECT Name, Status__c FROM Project__c WHERE Name = 'Onboarding'
17:26:20.1 (6807947)|SOQL_EXECUTE_END|[1]|Rows:1
17:26:20.1 (6834180)|HEAP_ALLOCATE|[1]|Bytes:8
17:26:20.1 (6848747)|HEAP_ALLOCATE|[1]|Bytes:67
17:26:20.1 (6939758)|HEAP_ALLOCATE|[1]|Bytes:8
17:26:20.1 (6951961)|HEAP_ALLOCATE|[1]|Bytes:36
17:26:20.1 (7000444)|HEAP_ALLOCATE|[1]|Bytes:16
17:26:20.1 (7041443)|VARIABLE_ASSIGNMENT|[1]|p|{"Name":"Onboarding","Status__c":"Ongoing","Id":"a00f4000006OdBEAA0"}|0x1ec30b10
17:26:20.1 (7049525)|STATEMENT_EXECUTE|[2]
17:26:20.1 (7068470)|HEAP_ALLOCATE|[2]|Bytes:4
17:26:20.1 (7141004)|HEAP_ALLOCATE|[2]|Bytes:6
17:26:20.1 (7177253)|VARIABLE_ASSIGNMENT|[2]|this.Name|"Test 2"|0x3af4e48a
17:26:20.1 (7184401)|HEAP_ALLOCATE|[2]|Bytes:8
17:26:20.1 (7213684)|VARIABLE_ASSIGNMENT|[2]|this.Title__c|"El Title"|0x3af4e48a
17:26:20.1 (7262433)|VARIABLE_ASSIGNMENT|[2]|this.Project__c|"a00f4000006OdBEAA0"|0x3af4e48a
17:26:20.1 (7299301)|VARIABLE_ASSIGNMENT|[2]|a|{"Name":"Test 2","Title__c":"El Title","Project__c":"a00f4000006OdBEAA0"}|0x3af4e48a
17:26:20.1 (7305139)|STATEMENT_EXECUTE|[3]
17:26:20.1 (7326169)|HEAP_ALLOCATE|[3]|Bytes:8
17:26:20.1 (7338551)|DML_BEGIN|[3]|Op:Insert|Type:Test_Case__c|Rows:1
17:26:20.1 (7369473)|HEAP_ALLOCATE|[EXTERNAL]|Bytes:8
17:26:20.1 (23500827)|CODE_UNIT_STARTED|[EXTERNAL]|01qf4000000Nply|insertTestCase on Test_Case trigger event BeforeInsert
17:26:20.1 (23554587)|HEAP_ALLOCATE|[EXTERNAL]|Bytes:8
17:26:20.1 (23691777)|HEAP_ALLOCATE|[EXTERNAL]|Bytes:1
17:26:20.1 (23747651)|HEAP_ALLOCATE|[EXTERNAL]|Bytes:8
17:26:20.1 (23763291)|VARIABLE_SCOPE_BEGIN|[1]|this|insertTestCase|true|false
17:26:20.1 (23816352)|VARIABLE_ASSIGNMENT|[1]|this|{}|0x5fb5ad5d
17:26:20.1 (23896147)|HEAP_ALLOCATE|[EXTERNAL]|Bytes:8
17:26:20.1 (23939443)|VARIABLE_SCOPE_BEGIN|[1]|this|insertTestCase|true|false
17:26:20.1 (23963248)|VARIABLE_ASSIGNMENT|[1]|this|{}|0x5fb5ad5d
17:26:20.1 (23975294)|STATEMENT_EXECUTE|[1]
17:26:20.1 (23978225)|STATEMENT_EXECUTE|[2]
17:26:20.1 (24007307)|HEAP_ALLOCATE|[2]|Bytes:4
17:26:20.1 (24164191)|HEAP_ALLOCATE|[2]|Bytes:4
17:26:20.1 (24174227)|HEAP_ALLOCATE|[2]|Bytes:4
17:26:20.1 (24179815)|HEAP_ALLOCATE|[2]|Bytes:4
17:26:20.1 (24210423)|HEAP_ALLOCATE|[EXTERNAL]|Bytes:8
17:26:20.1 (24496056)|VARIABLE_ASSIGNMENT|[2]|this.c|[{"IsDeleted":false,"OwnerId":"005f4000001eieEAAQ","Project__c":"a00f4000006OdBEAA0","Name":"Test 2","Title__c":"El Title"}]|0x5fb5ad5d
17:26:20.1 (24510137)|STATEMENT_EXECUTE|[3]
17:26:20.1 (24568969)|HEAP_ALLOCATE|[3]|Bytes:4
17:26:20.1 (24765870)|USER_DEBUG|[3]|DEBUG|Test_Case__c:{Id=null, OwnerId=005f4000001eieEAAQ, IsDeleted=false, Name=Test 2, CreatedDate=null, CreatedById=null, LastModifiedDate=null, LastModifiedById=null, SystemModstamp=null, LastViewedDate=null, LastReferencedDate=null, Title__c=El Title, Description__c=null, Preconditions__c=null, Project__c=a00f4000006OdBEAA0, user_story__c=null}
17:26:20.24 (24792847)|CUMULATIVE_LIMIT_USAGE
17:26:20.24 (24792847)|LIMIT_USAGE_FOR_NS|(default)|
  Number of SOQL queries: 1 out of 100
  Number of query rows: 1 out of 50000
  Number of SOSL queries: 0 out of 20
  Number of DML statements: 1 out of 150
  Number of DML rows: 1 out of 10000
  Maximum CPU time: 0 out of 10000
  Maximum heap size: 0 out of 6000000
  Number of callouts: 0 out of 100
  Number of Email Invocations: 0 out of 10
  Number of future calls: 0 out of 50
  Number of queueable jobs added to the queue: 0 out of 50
  Number of Mobile Apex push calls: 0 out of 10

17:26:20.24 (24792847)|CUMULATIVE_LIMIT_USAGE_END

17:26:20.1 (25595784)|CODE_UNIT_FINISHED|insertTestCase on Test_Case trigger event BeforeInsert
17:26:20.1 (53067096)|DML_END|[3]
17:26:20.55 (55805777)|CUMULATIVE_LIMIT_USAGE
17:26:20.55 (55805777)|LIMIT_USAGE_FOR_NS|(default)|
  Number of SOQL queries: 1 out of 100
  Number of query rows: 1 out of 50000
  Number of SOSL queries: 0 out of 20
  Number of DML statements: 1 out of 150
  Number of DML rows: 1 out of 10000
  Maximum CPU time: 0 out of 10000
  Maximum heap size: 0 out of 6000000
  Number of callouts: 0 out of 100
  Number of Email Invocations: 0 out of 10
  Number of future calls: 0 out of 50
  Number of queueable jobs added to the queue: 0 out of 50
  Number of Mobile Apex push calls: 0 out of 10

17:26:20.55 (55805777)|CUMULATIVE_LIMIT_USAGE_END

17:26:20.1 (55838395)|CODE_UNIT_FINISHED|execute_anonymous_apex
17:26:20.1 (56623645)|EXECUTION_FINISHED
