42.0 APEX_CODE,FINEST;APEX_PROFILING,INFO;CALLOUT,INFO;DB,INFO;SYSTEM,DEBUG;VALIDATION,INFO;VISUALFORCE,INFO;WAVE,INFO;WORKFLOW,INFO
Execute Anonymous: Project__c p = [SELECT Name,Status__c FROM Project__c WHERE Name = 'Onboarding'];
Execute Anonymous: Test_Case__c a = new Test_Case__c(Name = 'Test 2',Title__c = 'El Title', Project__c = p.Id);
Execute Anonymous: insert a;
17:22:13.1 (1026714)|USER_INFO|[EXTERNAL]|005f4000001eieE|dpineyro.onboarding@altimetrik.com|Hora de Argentina|GMT-03:00
17:22:13.1 (1047360)|EXECUTION_STARTED
17:22:13.1 (1052081)|CODE_UNIT_STARTED|[EXTERNAL]|execute_anonymous_apex
17:22:13.1 (1193672)|VARIABLE_SCOPE_BEGIN|[2]|a|Test_Case__c|true|false
17:22:13.1 (1220446)|VARIABLE_SCOPE_BEGIN|[1]|p|Project__c|true|false
17:22:13.1 (1333550)|HEAP_ALLOCATE|[72]|Bytes:3
17:22:13.1 (1370573)|HEAP_ALLOCATE|[77]|Bytes:152
17:22:13.1 (1385497)|HEAP_ALLOCATE|[342]|Bytes:408
17:22:13.1 (1398083)|HEAP_ALLOCATE|[355]|Bytes:408
17:22:13.1 (1408553)|HEAP_ALLOCATE|[467]|Bytes:48
17:22:13.1 (1437708)|HEAP_ALLOCATE|[139]|Bytes:6
17:22:13.1 (1455351)|HEAP_ALLOCATE|[EXTERNAL]|Bytes:5
17:22:13.1 (1573970)|STATEMENT_EXECUTE|[1]
17:22:13.1 (1576794)|STATEMENT_EXECUTE|[1]
17:22:13.1 (1579954)|HEAP_ALLOCATE|[1]|Bytes:64
17:22:13.1 (1602364)|HEAP_ALLOCATE|[1]|Bytes:4
17:22:13.1 (1640963)|HEAP_ALLOCATE|[50]|Bytes:5
17:22:13.1 (1662607)|HEAP_ALLOCATE|[56]|Bytes:5
17:22:13.1 (1670027)|HEAP_ALLOCATE|[64]|Bytes:7
17:22:13.1 (1875955)|SOQL_EXECUTE_BEGIN|[1]|Aggregations:0|SELECT Name, Status__c FROM Project__c WHERE Name = 'Onboarding'
17:22:13.1 (5784935)|SOQL_EXECUTE_END|[1]|Rows:1
17:22:13.1 (5816077)|HEAP_ALLOCATE|[1]|Bytes:8
17:22:13.1 (5832239)|HEAP_ALLOCATE|[1]|Bytes:67
17:22:13.1 (5915467)|HEAP_ALLOCATE|[1]|Bytes:8
17:22:13.1 (5927410)|HEAP_ALLOCATE|[1]|Bytes:36
17:22:13.1 (5974637)|HEAP_ALLOCATE|[1]|Bytes:16
17:22:13.1 (6010225)|VARIABLE_ASSIGNMENT|[1]|p|{"Name":"Onboarding","Status__c":"Ongoing","Id":"a00f4000006OdBEAA0"}|0x850178f
17:22:13.1 (6018565)|STATEMENT_EXECUTE|[2]
17:22:13.1 (6039987)|HEAP_ALLOCATE|[2]|Bytes:4
17:22:13.1 (6114436)|HEAP_ALLOCATE|[2]|Bytes:6
17:22:13.1 (6152245)|VARIABLE_ASSIGNMENT|[2]|this.Name|"Test 2"|0x7597e104
17:22:13.1 (6159135)|HEAP_ALLOCATE|[2]|Bytes:8
17:22:13.1 (6193922)|VARIABLE_ASSIGNMENT|[2]|this.Title__c|"El Title"|0x7597e104
17:22:13.1 (6241055)|VARIABLE_ASSIGNMENT|[2]|this.Project__c|"a00f4000006OdBEAA0"|0x7597e104
17:22:13.1 (6274387)|VARIABLE_ASSIGNMENT|[2]|a|{"Name":"Test 2","Title__c":"El Title","Project__c":"a00f4000006OdBEAA0"}|0x7597e104
17:22:13.1 (6280832)|STATEMENT_EXECUTE|[3]
17:22:13.1 (6301846)|HEAP_ALLOCATE|[3]|Bytes:8
17:22:13.1 (6314286)|DML_BEGIN|[3]|Op:Insert|Type:Test_Case__c|Rows:1
17:22:13.1 (6344636)|HEAP_ALLOCATE|[EXTERNAL]|Bytes:8
17:22:13.1 (10725124)|CODE_UNIT_STARTED|[EXTERNAL]|01qf4000000Nply|insertTestCase on Test_Case trigger event BeforeInsert
17:22:13.1 (10759654)|HEAP_ALLOCATE|[EXTERNAL]|Bytes:8
17:22:13.1 (10842386)|HEAP_ALLOCATE|[EXTERNAL]|Bytes:1
17:22:13.1 (10871761)|HEAP_ALLOCATE|[EXTERNAL]|Bytes:8
17:22:13.1 (10881834)|VARIABLE_SCOPE_BEGIN|[1]|this|insertTestCase|true|false
17:22:13.1 (10916808)|VARIABLE_ASSIGNMENT|[1]|this|{}|0x294b6adf
17:22:13.1 (10968106)|HEAP_ALLOCATE|[EXTERNAL]|Bytes:8
17:22:13.1 (10975283)|VARIABLE_SCOPE_BEGIN|[1]|this|insertTestCase|true|false
17:22:13.1 (10988438)|VARIABLE_ASSIGNMENT|[1]|this|{}|0x294b6adf
17:22:13.1 (10995779)|STATEMENT_EXECUTE|[1]
17:22:13.1 (10997917)|STATEMENT_EXECUTE|[2]
17:22:13.1 (11019592)|HEAP_ALLOCATE|[2]|Bytes:4
17:22:13.1 (11117287)|HEAP_ALLOCATE|[2]|Bytes:4
17:22:13.1 (11123292)|HEAP_ALLOCATE|[2]|Bytes:4
17:22:13.1 (11126893)|HEAP_ALLOCATE|[2]|Bytes:4
17:22:13.1 (11146919)|HEAP_ALLOCATE|[EXTERNAL]|Bytes:8
17:22:13.1 (11338531)|VARIABLE_ASSIGNMENT|[2]|this.c|[{"IsDeleted":false,"OwnerId":"005f4000001eieEAAQ","Project__c":"a00f4000006OdBEAA0","Name":"Test 2","Title__c":"El Title"}]|0x294b6adf
17:22:13.1 (11347085)|STATEMENT_EXECUTE|[3]
17:22:13.1 (11421420)|HEAP_ALLOCATE|[3]|Bytes:31
17:22:13.1 (11536079)|FATAL_ERROR|System.ListException: List index out of bounds: 5

Trigger.insertTestCase: line 3, column 1
17:22:13.1 (11544634)|FATAL_ERROR|System.ListException: List index out of bounds: 5

Trigger.insertTestCase: line 3, column 1
17:22:13.11 (11582739)|CUMULATIVE_LIMIT_USAGE
17:22:13.11 (11582739)|LIMIT_USAGE_FOR_NS|(default)|
  Number of SOQL queries: 1 out of 100
  Number of query rows: 1 out of 50000
  Number of SOSL queries: 0 out of 20
  Number of DML statements: 1 out of 150
  Number of DML rows: 1 out of 10000
  Maximum CPU time: 0 out of 10000
  Maximum heap size: 0 out of 6000000
  Number of callouts: 0 out of 100
  Number of Email Invocations: 0 out of 10
  Number of future calls: 0 out of 50
  Number of queueable jobs added to the queue: 0 out of 50
  Number of Mobile Apex push calls: 0 out of 10

17:22:13.11 (11582739)|CUMULATIVE_LIMIT_USAGE_END

17:22:13.1 (12297943)|CODE_UNIT_FINISHED|insertTestCase on Test_Case trigger event BeforeInsert
