42.0 APEX_CODE,FINEST;APEX_PROFILING,INFO;CALLOUT,INFO;DB,INFO;SYSTEM,DEBUG;VALIDATION,INFO;VISUALFORCE,INFO;WAVE,INFO;WORKFLOW,INFO
Execute Anonymous: Project__c p = [SELECT Name,Status__c FROM Project__c WHERE Name = 'Onboarding'];
Execute Anonymous: Test_Case__c a = new Test_Case__c(Name = 'Test 2',Title__c = 'El Title', Project__c = p.Id);
Execute Anonymous: insert a;
17:28:34.1 (1168436)|USER_INFO|[EXTERNAL]|005f4000001eieE|dpineyro.onboarding@altimetrik.com|Hora de Argentina|GMT-03:00
17:28:34.1 (1188788)|EXECUTION_STARTED
17:28:34.1 (1193290)|CODE_UNIT_STARTED|[EXTERNAL]|execute_anonymous_apex
17:28:34.1 (1327175)|VARIABLE_SCOPE_BEGIN|[2]|a|Test_Case__c|true|false
17:28:34.1 (1369801)|VARIABLE_SCOPE_BEGIN|[1]|p|Project__c|true|false
17:28:34.1 (1511588)|HEAP_ALLOCATE|[72]|Bytes:3
17:28:34.1 (1561725)|HEAP_ALLOCATE|[77]|Bytes:152
17:28:34.1 (1587979)|HEAP_ALLOCATE|[342]|Bytes:408
17:28:34.1 (1612748)|HEAP_ALLOCATE|[355]|Bytes:408
17:28:34.1 (1633234)|HEAP_ALLOCATE|[467]|Bytes:48
17:28:34.1 (1673482)|HEAP_ALLOCATE|[139]|Bytes:6
17:28:34.1 (1701794)|HEAP_ALLOCATE|[EXTERNAL]|Bytes:5
17:28:34.1 (1864510)|STATEMENT_EXECUTE|[1]
17:28:34.1 (1869021)|STATEMENT_EXECUTE|[1]
17:28:34.1 (1873985)|HEAP_ALLOCATE|[1]|Bytes:64
17:28:34.1 (1899449)|HEAP_ALLOCATE|[1]|Bytes:4
17:28:34.1 (1954522)|HEAP_ALLOCATE|[50]|Bytes:5
17:28:34.1 (1985021)|HEAP_ALLOCATE|[56]|Bytes:5
17:28:34.1 (1997513)|HEAP_ALLOCATE|[64]|Bytes:7
17:28:34.1 (2217204)|SOQL_EXECUTE_BEGIN|[1]|Aggregations:0|SELECT Name, Status__c FROM Project__c WHERE Name = 'Onboarding'
17:28:34.1 (6935285)|SOQL_EXECUTE_END|[1]|Rows:1
17:28:34.1 (6963259)|HEAP_ALLOCATE|[1]|Bytes:8
17:28:34.1 (6975633)|HEAP_ALLOCATE|[1]|Bytes:67
17:28:34.1 (7042110)|HEAP_ALLOCATE|[1]|Bytes:8
17:28:34.1 (7054669)|HEAP_ALLOCATE|[1]|Bytes:36
17:28:34.1 (7083532)|HEAP_ALLOCATE|[1]|Bytes:16
17:28:34.1 (7132455)|VARIABLE_ASSIGNMENT|[1]|p|{"Name":"Onboarding","Status__c":"Ongoing","Id":"a00f4000006OdBEAA0"}|0x751a1767
17:28:34.1 (7145185)|STATEMENT_EXECUTE|[2]
17:28:34.1 (7174011)|HEAP_ALLOCATE|[2]|Bytes:4
17:28:34.1 (7242461)|HEAP_ALLOCATE|[2]|Bytes:6
17:28:34.1 (7278800)|VARIABLE_ASSIGNMENT|[2]|this.Name|"Test 2"|0x5082112e
17:28:34.1 (7286168)|HEAP_ALLOCATE|[2]|Bytes:8
17:28:34.1 (7318408)|VARIABLE_ASSIGNMENT|[2]|this.Title__c|"El Title"|0x5082112e
17:28:34.1 (7359187)|VARIABLE_ASSIGNMENT|[2]|this.Project__c|"a00f4000006OdBEAA0"|0x5082112e
17:28:34.1 (7394483)|VARIABLE_ASSIGNMENT|[2]|a|{"Name":"Test 2","Title__c":"El Title","Project__c":"a00f4000006OdBEAA0"}|0x5082112e
17:28:34.1 (7400851)|STATEMENT_EXECUTE|[3]
17:28:34.1 (7420646)|HEAP_ALLOCATE|[3]|Bytes:8
17:28:34.1 (7432276)|DML_BEGIN|[3]|Op:Insert|Type:Test_Case__c|Rows:1
17:28:34.1 (7461834)|HEAP_ALLOCATE|[EXTERNAL]|Bytes:8
17:28:34.1 (25681639)|CODE_UNIT_STARTED|[EXTERNAL]|01qf4000000Nply|insertTestCase on Test_Case trigger event BeforeInsert
17:28:34.1 (25724580)|HEAP_ALLOCATE|[EXTERNAL]|Bytes:8
17:28:34.1 (25826700)|HEAP_ALLOCATE|[EXTERNAL]|Bytes:3
17:28:34.1 (25861871)|HEAP_ALLOCATE|[EXTERNAL]|Bytes:8
17:28:34.1 (25873115)|VARIABLE_SCOPE_BEGIN|[1]|this|insertTestCase|true|false
17:28:34.1 (25910360)|VARIABLE_ASSIGNMENT|[1]|this|{}|0x1bb72c94
17:28:34.1 (25969427)|HEAP_ALLOCATE|[EXTERNAL]|Bytes:8
17:28:34.1 (26007031)|VARIABLE_SCOPE_BEGIN|[1]|this|insertTestCase|true|false
17:28:34.1 (26022655)|VARIABLE_ASSIGNMENT|[1]|this|{}|0x1bb72c94
17:28:34.1 (26031086)|STATEMENT_EXECUTE|[1]
17:28:34.1 (26033459)|STATEMENT_EXECUTE|[2]
17:28:34.1 (26055746)|HEAP_ALLOCATE|[2]|Bytes:4
17:28:34.1 (26162460)|HEAP_ALLOCATE|[2]|Bytes:4
17:28:34.1 (26169703)|HEAP_ALLOCATE|[2]|Bytes:4
17:28:34.1 (26173363)|HEAP_ALLOCATE|[2]|Bytes:4
17:28:34.1 (26196991)|HEAP_ALLOCATE|[EXTERNAL]|Bytes:8
17:28:34.1 (26398409)|VARIABLE_ASSIGNMENT|[2]|this.c|[{"IsDeleted":false,"OwnerId":"005f4000001eieEAAQ","Project__c":"a00f4000006OdBEAA0","Name":"Test 2","Title__c":"El Title"}]|0x1bb72c94
17:28:34.1 (26408371)|STATEMENT_EXECUTE|[3]
17:28:34.1 (26568781)|USER_DEBUG|[3]|DEBUG|(Test_Case__c:{Id=null, OwnerId=005f4000001eieEAAQ, IsDeleted=false, Name=Test 2, CreatedDate=null, CreatedById=null, LastModifiedDate=null, LastModifiedById=null, SystemModstamp=null, LastViewedDate=null, LastReferencedDate=null, Title__c=El Title, Description__c=null, Preconditions__c=null, Project__c=a00f4000006OdBEAA0, user_story__c=null})
17:28:34.1 (26585480)|STATEMENT_EXECUTE|[4]
17:28:34.1 (26623972)|HEAP_ALLOCATE|[4]|Bytes:4
17:28:34.1 (26656182)|USER_DEBUG|[4]|DEBUG|a00f4000006OdBEAA0
17:28:34.26 (26667859)|CUMULATIVE_LIMIT_USAGE
17:28:34.26 (26667859)|LIMIT_USAGE_FOR_NS|(default)|
  Number of SOQL queries: 1 out of 100
  Number of query rows: 1 out of 50000
  Number of SOSL queries: 0 out of 20
  Number of DML statements: 1 out of 150
  Number of DML rows: 1 out of 10000
  Maximum CPU time: 0 out of 10000
  Maximum heap size: 0 out of 6000000
  Number of callouts: 0 out of 100
  Number of Email Invocations: 0 out of 10
  Number of future calls: 0 out of 50
  Number of queueable jobs added to the queue: 0 out of 50
  Number of Mobile Apex push calls: 0 out of 10

17:28:34.26 (26667859)|CUMULATIVE_LIMIT_USAGE_END

17:28:34.1 (27420533)|CODE_UNIT_FINISHED|insertTestCase on Test_Case trigger event BeforeInsert
17:28:34.1 (51505291)|DML_END|[3]
17:28:34.54 (54040864)|CUMULATIVE_LIMIT_USAGE
17:28:34.54 (54040864)|LIMIT_USAGE_FOR_NS|(default)|
  Number of SOQL queries: 1 out of 100
  Number of query rows: 1 out of 50000
  Number of SOSL queries: 0 out of 20
  Number of DML statements: 1 out of 150
  Number of DML rows: 1 out of 10000
  Maximum CPU time: 0 out of 10000
  Maximum heap size: 0 out of 6000000
  Number of callouts: 0 out of 100
  Number of Email Invocations: 0 out of 10
  Number of future calls: 0 out of 50
  Number of queueable jobs added to the queue: 0 out of 50
  Number of Mobile Apex push calls: 0 out of 10

17:28:34.54 (54040864)|CUMULATIVE_LIMIT_USAGE_END

17:28:34.1 (54077158)|CODE_UNIT_FINISHED|execute_anonymous_apex
17:28:34.1 (54957975)|EXECUTION_FINISHED
