42.0 APEX_CODE,FINEST;APEX_PROFILING,INFO;CALLOUT,INFO;DB,INFO;SYSTEM,DEBUG;VALIDATION,INFO;VISUALFORCE,INFO;WAVE,INFO;WORKFLOW,INFO
Execute Anonymous: Project__c p = [SELECT Name,Status__c FROM Project__c WHERE Name = 'Onboarding'];
Execute Anonymous: Test_Case__c a = new Test_Case__c(Name = 'Test 2',Title__c = 'El Title', Project__c = p.Id);
Execute Anonymous: insert a;
17:02:47.1 (1013796)|USER_INFO|[EXTERNAL]|005f4000001eieE|dpineyro.onboarding@altimetrik.com|Hora de Argentina|GMT-03:00
17:02:47.1 (1034776)|EXECUTION_STARTED
17:02:47.1 (1039071)|CODE_UNIT_STARTED|[EXTERNAL]|execute_anonymous_apex
17:02:47.1 (1168848)|VARIABLE_SCOPE_BEGIN|[2]|a|Test_Case__c|true|false
17:02:47.1 (1195378)|VARIABLE_SCOPE_BEGIN|[1]|p|Project__c|true|false
17:02:47.1 (1302041)|HEAP_ALLOCATE|[72]|Bytes:3
17:02:47.1 (1340426)|HEAP_ALLOCATE|[77]|Bytes:152
17:02:47.1 (1356227)|HEAP_ALLOCATE|[342]|Bytes:408
17:02:47.1 (1369381)|HEAP_ALLOCATE|[355]|Bytes:408
17:02:47.1 (1380317)|HEAP_ALLOCATE|[467]|Bytes:48
17:02:47.1 (1405966)|HEAP_ALLOCATE|[139]|Bytes:6
17:02:47.1 (1422636)|HEAP_ALLOCATE|[EXTERNAL]|Bytes:5
17:02:47.1 (1535312)|STATEMENT_EXECUTE|[1]
17:02:47.1 (1538365)|STATEMENT_EXECUTE|[1]
17:02:47.1 (1541750)|HEAP_ALLOCATE|[1]|Bytes:64
17:02:47.1 (1562606)|HEAP_ALLOCATE|[1]|Bytes:4
17:02:47.1 (1601769)|HEAP_ALLOCATE|[50]|Bytes:5
17:02:47.1 (1624036)|HEAP_ALLOCATE|[56]|Bytes:5
17:02:47.1 (1630825)|HEAP_ALLOCATE|[64]|Bytes:7
17:02:47.1 (1830373)|SOQL_EXECUTE_BEGIN|[1]|Aggregations:0|SELECT Name, Status__c FROM Project__c WHERE Name = 'Onboarding'
17:02:47.1 (6317950)|SOQL_EXECUTE_END|[1]|Rows:1
17:02:47.1 (6342703)|HEAP_ALLOCATE|[1]|Bytes:8
17:02:47.1 (6357675)|HEAP_ALLOCATE|[1]|Bytes:67
17:02:47.1 (6451238)|HEAP_ALLOCATE|[1]|Bytes:8
17:02:47.1 (6462016)|HEAP_ALLOCATE|[1]|Bytes:36
17:02:47.1 (6510158)|HEAP_ALLOCATE|[1]|Bytes:16
17:02:47.1 (6548320)|VARIABLE_ASSIGNMENT|[1]|p|{"Name":"Onboarding","Status__c":"Ongoing","Id":"a00f4000006OdBEAA0"}|0x7f995429
17:02:47.1 (6555624)|STATEMENT_EXECUTE|[2]
17:02:47.1 (6576395)|HEAP_ALLOCATE|[2]|Bytes:4
17:02:47.1 (6648495)|HEAP_ALLOCATE|[2]|Bytes:6
17:02:47.1 (6682715)|VARIABLE_ASSIGNMENT|[2]|this.Name|"Test 2"|0xba90b3c
17:02:47.1 (6689057)|HEAP_ALLOCATE|[2]|Bytes:8
17:02:47.1 (6720197)|VARIABLE_ASSIGNMENT|[2]|this.Title__c|"El Title"|0xba90b3c
17:02:47.1 (6770731)|VARIABLE_ASSIGNMENT|[2]|this.Project__c|"a00f4000006OdBEAA0"|0xba90b3c
17:02:47.1 (6805146)|VARIABLE_ASSIGNMENT|[2]|a|{"Name":"Test 2","Title__c":"El Title","Project__c":"a00f4000006OdBEAA0"}|0xba90b3c
17:02:47.1 (6811163)|STATEMENT_EXECUTE|[3]
17:02:47.1 (6831534)|HEAP_ALLOCATE|[3]|Bytes:8
17:02:47.1 (6841781)|DML_BEGIN|[3]|Op:Insert|Type:Test_Case__c|Rows:1
17:02:47.1 (6868257)|HEAP_ALLOCATE|[EXTERNAL]|Bytes:8
17:02:47.1 (11002993)|CODE_UNIT_STARTED|[EXTERNAL]|01qf4000000Nply|insertTestCase on Test_Case trigger event BeforeInsert
17:02:47.1 (11033103)|HEAP_ALLOCATE|[EXTERNAL]|Bytes:8
17:02:47.1 (11105513)|HEAP_ALLOCATE|[EXTERNAL]|Bytes:1
17:02:47.1 (11121741)|HEAP_ALLOCATE|[EXTERNAL]|Bytes:4
17:02:47.1 (11128396)|VARIABLE_SCOPE_BEGIN|[1]|this|insertTestCase|true|false
17:02:47.1 (11152122)|VARIABLE_ASSIGNMENT|[1]|this|{}|0x1558c1a7
17:02:47.1 (11219782)|HEAP_ALLOCATE|[EXTERNAL]|Bytes:4
17:02:47.1 (11230581)|VARIABLE_SCOPE_BEGIN|[1]|this|insertTestCase|true|false
17:02:47.1 (11250524)|VARIABLE_ASSIGNMENT|[1]|this|{}|0x1558c1a7
17:02:47.1 (11260941)|STATEMENT_EXECUTE|[1]
17:02:47.1 (11263414)|STATEMENT_EXECUTE|[2]
17:02:47.1 (11268408)|HEAP_ALLOCATE|[2]|Bytes:9
17:02:47.1 (11328516)|USER_DEBUG|[2]|DEBUG|message 0
17:02:47.11 (11346444)|CUMULATIVE_LIMIT_USAGE
17:02:47.11 (11346444)|LIMIT_USAGE_FOR_NS|(default)|
  Number of SOQL queries: 1 out of 100
  Number of query rows: 1 out of 50000
  Number of SOSL queries: 0 out of 20
  Number of DML statements: 1 out of 150
  Number of DML rows: 1 out of 10000
  Maximum CPU time: 0 out of 10000
  Maximum heap size: 0 out of 6000000
  Number of callouts: 0 out of 100
  Number of Email Invocations: 0 out of 10
  Number of future calls: 0 out of 50
  Number of queueable jobs added to the queue: 0 out of 50
  Number of Mobile Apex push calls: 0 out of 10

17:02:47.11 (11346444)|CUMULATIVE_LIMIT_USAGE_END

17:02:47.1 (12062411)|CODE_UNIT_FINISHED|insertTestCase on Test_Case trigger event BeforeInsert
17:02:47.1 (44510853)|DML_END|[3]
17:02:47.47 (47559940)|CUMULATIVE_LIMIT_USAGE
17:02:47.47 (47559940)|LIMIT_USAGE_FOR_NS|(default)|
  Number of SOQL queries: 1 out of 100
  Number of query rows: 1 out of 50000
  Number of SOSL queries: 0 out of 20
  Number of DML statements: 1 out of 150
  Number of DML rows: 1 out of 10000
  Maximum CPU time: 0 out of 10000
  Maximum heap size: 0 out of 6000000
  Number of callouts: 0 out of 100
  Number of Email Invocations: 0 out of 10
  Number of future calls: 0 out of 50
  Number of queueable jobs added to the queue: 0 out of 50
  Number of Mobile Apex push calls: 0 out of 10

17:02:47.47 (47559940)|CUMULATIVE_LIMIT_USAGE_END

17:02:47.1 (47602073)|CODE_UNIT_FINISHED|execute_anonymous_apex
17:02:47.1 (48455795)|EXECUTION_FINISHED
