42.0 APEX_CODE,FINEST;APEX_PROFILING,INFO;CALLOUT,INFO;DB,INFO;SYSTEM,DEBUG;VALIDATION,INFO;VISUALFORCE,INFO;WAVE,INFO;WORKFLOW,INFO
Execute Anonymous: 
Execute Anonymous: Test_Case__c a = new Test_Case__c(Name = 'Test 2',Title__c = 'El Title');
Execute Anonymous: insert a;
16:51:35.1 (1147541)|USER_INFO|[EXTERNAL]|005f4000001eieE|dpineyro.onboarding@altimetrik.com|Hora de Argentina|GMT-03:00
16:51:35.1 (1171651)|EXECUTION_STARTED
16:51:35.1 (1177070)|CODE_UNIT_STARTED|[EXTERNAL]|execute_anonymous_apex
16:51:35.1 (1282174)|VARIABLE_SCOPE_BEGIN|[2]|a|Test_Case__c|true|false
16:51:35.1 (1393639)|HEAP_ALLOCATE|[72]|Bytes:3
16:51:35.1 (1431733)|HEAP_ALLOCATE|[77]|Bytes:152
16:51:35.1 (1445596)|HEAP_ALLOCATE|[342]|Bytes:408
16:51:35.1 (1457292)|HEAP_ALLOCATE|[355]|Bytes:408
16:51:35.1 (1468334)|HEAP_ALLOCATE|[467]|Bytes:48
16:51:35.1 (1494034)|HEAP_ALLOCATE|[139]|Bytes:6
16:51:35.1 (1510185)|HEAP_ALLOCATE|[EXTERNAL]|Bytes:3
16:51:35.1 (1579898)|STATEMENT_EXECUTE|[1]
16:51:35.1 (1582809)|STATEMENT_EXECUTE|[2]
16:51:35.1 (1610811)|HEAP_ALLOCATE|[2]|Bytes:4
16:51:35.1 (1694177)|HEAP_ALLOCATE|[2]|Bytes:6
16:51:35.1 (1741438)|VARIABLE_ASSIGNMENT|[2]|this.Name|"Test 2"|0x41ec1da9
16:51:35.1 (1748379)|HEAP_ALLOCATE|[2]|Bytes:8
16:51:35.1 (1777552)|VARIABLE_ASSIGNMENT|[2]|this.Title__c|"El Title"|0x41ec1da9
16:51:35.1 (1814291)|VARIABLE_ASSIGNMENT|[2]|a|{"Name":"Test 2","Title__c":"El Title"}|0x41ec1da9
16:51:35.1 (1821153)|STATEMENT_EXECUTE|[3]
16:51:35.1 (1854884)|HEAP_ALLOCATE|[50]|Bytes:5
16:51:35.1 (1875395)|HEAP_ALLOCATE|[56]|Bytes:5
16:51:35.1 (1882299)|HEAP_ALLOCATE|[64]|Bytes:7
16:51:35.1 (1916632)|HEAP_ALLOCATE|[3]|Bytes:8
16:51:35.1 (1933830)|DML_BEGIN|[3]|Op:Insert|Type:Test_Case__c|Rows:1
16:51:35.1 (1966098)|HEAP_ALLOCATE|[EXTERNAL]|Bytes:8
16:51:35.1 (18845023)|CODE_UNIT_STARTED|[EXTERNAL]|01qf4000000Nply|insertTestCase on Test_Case trigger event BeforeInsert
16:51:35.1 (18882822)|HEAP_ALLOCATE|[EXTERNAL]|Bytes:8
16:51:35.1 (18968965)|HEAP_ALLOCATE|[EXTERNAL]|Bytes:1
16:51:35.1 (18986845)|HEAP_ALLOCATE|[EXTERNAL]|Bytes:4
16:51:35.1 (18997018)|VARIABLE_SCOPE_BEGIN|[1]|this|insertTestCase|true|false
16:51:35.1 (19027816)|VARIABLE_ASSIGNMENT|[1]|this|{}|0x4253e70b
16:51:35.1 (19092258)|HEAP_ALLOCATE|[EXTERNAL]|Bytes:4
16:51:35.1 (19108573)|VARIABLE_SCOPE_BEGIN|[1]|this|insertTestCase|true|false
16:51:35.1 (19121444)|VARIABLE_ASSIGNMENT|[1]|this|{}|0x4253e70b
16:51:35.1 (19128365)|STATEMENT_EXECUTE|[1]
16:51:35.1 (19130363)|STATEMENT_EXECUTE|[2]
16:51:35.1 (19133621)|HEAP_ALLOCATE|[2]|Bytes:9
16:51:35.1 (19177580)|USER_DEBUG|[2]|DEBUG|message 0
16:51:35.19 (19191241)|CUMULATIVE_LIMIT_USAGE
16:51:35.19 (19191241)|LIMIT_USAGE_FOR_NS|(default)|
  Number of SOQL queries: 0 out of 100
  Number of query rows: 0 out of 50000
  Number of SOSL queries: 0 out of 20
  Number of DML statements: 1 out of 150
  Number of DML rows: 1 out of 10000
  Maximum CPU time: 0 out of 10000
  Maximum heap size: 0 out of 6000000
  Number of callouts: 0 out of 100
  Number of Email Invocations: 0 out of 10
  Number of future calls: 0 out of 50
  Number of queueable jobs added to the queue: 0 out of 50
  Number of Mobile Apex push calls: 0 out of 10

16:51:35.19 (19191241)|CUMULATIVE_LIMIT_USAGE_END

16:51:35.1 (20063670)|CODE_UNIT_FINISHED|insertTestCase on Test_Case trigger event BeforeInsert
16:51:35.1 (22427279)|DML_END|[3]
16:51:35.1 (22761668)|VF_PAGE_MESSAGE|Required fields are missing: [Project__c]
16:51:35.1 (22848908)|EXCEPTION_THROWN|[3]|System.DmlException: Insert failed. First exception on row 0; first error: REQUIRED_FIELD_MISSING, Required fields are missing: [Project__c]: [Project__c]
16:51:35.1 (23104756)|HEAP_ALLOCATE|[3]|Bytes:137
16:51:35.1 (23201738)|FATAL_ERROR|System.DmlException: Insert failed. First exception on row 0; first error: REQUIRED_FIELD_MISSING, Required fields are missing: [Project__c]: [Project__c]

AnonymousBlock: line 3, column 1
16:51:35.23 (23221306)|CUMULATIVE_LIMIT_USAGE
16:51:35.23 (23221306)|LIMIT_USAGE_FOR_NS|(default)|
  Number of SOQL queries: 0 out of 100
  Number of query rows: 0 out of 50000
  Number of SOSL queries: 0 out of 20
  Number of DML statements: 1 out of 150
  Number of DML rows: 1 out of 10000
  Maximum CPU time: 0 out of 10000
  Maximum heap size: 0 out of 6000000
  Number of callouts: 0 out of 100
  Number of Email Invocations: 0 out of 10
  Number of future calls: 0 out of 50
  Number of queueable jobs added to the queue: 0 out of 50
  Number of Mobile Apex push calls: 0 out of 10

16:51:35.23 (23221306)|CUMULATIVE_LIMIT_USAGE_END

16:51:35.1 (23241432)|CODE_UNIT_FINISHED|execute_anonymous_apex
16:51:35.1 (24253237)|EXECUTION_FINISHED
