42.0 APEX_CODE,FINEST;APEX_PROFILING,INFO;CALLOUT,INFO;DB,INFO;SYSTEM,DEBUG;VALIDATION,INFO;VISUALFORCE,INFO;WAVE,INFO;WORKFLOW,INFO
Execute Anonymous: Project__c p = [SELECT Name,Status__c FROM Project__c WHERE Name = 'Onboarding'];
Execute Anonymous: Test_Case__c a = new Test_Case__c(Name = 'Test 2',Title__c = 'El Title', Project__c = p.Id);
Execute Anonymous: insert a;
17:09:04.1 (1246885)|USER_INFO|[EXTERNAL]|005f4000001eieE|dpineyro.onboarding@altimetrik.com|Hora de Argentina|GMT-03:00
17:09:04.1 (1270810)|EXECUTION_STARTED
17:09:04.1 (1276251)|CODE_UNIT_STARTED|[EXTERNAL]|execute_anonymous_apex
17:09:04.1 (1483726)|VARIABLE_SCOPE_BEGIN|[2]|a|Test_Case__c|true|false
17:09:04.1 (1523691)|VARIABLE_SCOPE_BEGIN|[1]|p|Project__c|true|false
17:09:04.1 (1652107)|HEAP_ALLOCATE|[72]|Bytes:3
17:09:04.1 (1696433)|HEAP_ALLOCATE|[77]|Bytes:152
17:09:04.1 (1715590)|HEAP_ALLOCATE|[342]|Bytes:408
17:09:04.1 (1729617)|HEAP_ALLOCATE|[355]|Bytes:408
17:09:04.1 (1740641)|HEAP_ALLOCATE|[467]|Bytes:48
17:09:04.1 (1771236)|HEAP_ALLOCATE|[139]|Bytes:6
17:09:04.1 (1790736)|HEAP_ALLOCATE|[EXTERNAL]|Bytes:5
17:09:04.1 (1917485)|STATEMENT_EXECUTE|[1]
17:09:04.1 (1921787)|STATEMENT_EXECUTE|[1]
17:09:04.1 (1925828)|HEAP_ALLOCATE|[1]|Bytes:64
17:09:04.1 (1951728)|HEAP_ALLOCATE|[1]|Bytes:4
17:09:04.1 (2000331)|HEAP_ALLOCATE|[50]|Bytes:5
17:09:04.1 (2028858)|HEAP_ALLOCATE|[56]|Bytes:5
17:09:04.1 (2042404)|HEAP_ALLOCATE|[64]|Bytes:7
17:09:04.1 (2359211)|SOQL_EXECUTE_BEGIN|[1]|Aggregations:0|SELECT Name, Status__c FROM Project__c WHERE Name = 'Onboarding'
17:09:04.1 (6678775)|SOQL_EXECUTE_END|[1]|Rows:1
17:09:04.1 (6710601)|HEAP_ALLOCATE|[1]|Bytes:8
17:09:04.1 (6728208)|HEAP_ALLOCATE|[1]|Bytes:67
17:09:04.1 (6839083)|HEAP_ALLOCATE|[1]|Bytes:8
17:09:04.1 (6855100)|HEAP_ALLOCATE|[1]|Bytes:36
17:09:04.1 (6911350)|HEAP_ALLOCATE|[1]|Bytes:16
17:09:04.1 (6955963)|VARIABLE_ASSIGNMENT|[1]|p|{"Name":"Onboarding","Status__c":"Ongoing","Id":"a00f4000006OdBEAA0"}|0x51bc7534
17:09:04.1 (6963684)|STATEMENT_EXECUTE|[2]
17:09:04.1 (6986525)|HEAP_ALLOCATE|[2]|Bytes:4
17:09:04.1 (7064726)|HEAP_ALLOCATE|[2]|Bytes:6
17:09:04.1 (7102737)|VARIABLE_ASSIGNMENT|[2]|this.Name|"Test 2"|0xe673463
17:09:04.1 (7109790)|HEAP_ALLOCATE|[2]|Bytes:8
17:09:04.1 (7141097)|VARIABLE_ASSIGNMENT|[2]|this.Title__c|"El Title"|0xe673463
17:09:04.1 (7185721)|VARIABLE_ASSIGNMENT|[2]|this.Project__c|"a00f4000006OdBEAA0"|0xe673463
17:09:04.1 (7221802)|VARIABLE_ASSIGNMENT|[2]|a|{"Name":"Test 2","Title__c":"El Title","Project__c":"a00f4000006OdBEAA0"}|0xe673463
17:09:04.1 (7227742)|STATEMENT_EXECUTE|[3]
17:09:04.1 (7251420)|HEAP_ALLOCATE|[3]|Bytes:8
17:09:04.1 (7263668)|DML_BEGIN|[3]|Op:Insert|Type:Test_Case__c|Rows:1
17:09:04.1 (7292476)|HEAP_ALLOCATE|[EXTERNAL]|Bytes:8
17:09:04.1 (22978201)|CODE_UNIT_STARTED|[EXTERNAL]|01qf4000000Nply|insertTestCase on Test_Case trigger event BeforeInsert
17:09:04.1 (23022248)|HEAP_ALLOCATE|[EXTERNAL]|Bytes:8
17:09:04.1 (23125695)|HEAP_ALLOCATE|[EXTERNAL]|Bytes:1
17:09:04.1 (23146529)|HEAP_ALLOCATE|[EXTERNAL]|Bytes:4
17:09:04.1 (23160052)|VARIABLE_SCOPE_BEGIN|[1]|this|insertTestCase|true|false
17:09:04.1 (23199041)|VARIABLE_ASSIGNMENT|[1]|this|{}|0x22f4c576
17:09:04.1 (23274733)|HEAP_ALLOCATE|[EXTERNAL]|Bytes:4
17:09:04.1 (23322864)|VARIABLE_SCOPE_BEGIN|[1]|this|insertTestCase|true|false
17:09:04.1 (23351720)|VARIABLE_ASSIGNMENT|[1]|this|{}|0x22f4c576
17:09:04.1 (23364619)|STATEMENT_EXECUTE|[1]
17:09:04.1 (23631640)|HEAP_ALLOCATE|[2]|Bytes:5
17:09:04.1 (23661831)|HEAP_ALLOCATE|[2]|Bytes:4
17:09:04.1 (23675983)|VARIABLE_SCOPE_BEGIN|[2]|tc|Test_Case__c|true|false
17:09:04.1 (23934233)|VARIABLE_ASSIGNMENT|[2]|tc|{"IsDeleted":false,"OwnerId":"005f4000001eieEAAQ","Project__c":"a00f4000006OdBEAA0","Name":"Test 2","Title__c":"El Title"}|0x379c472e
17:09:04.1 (23948250)|STATEMENT_EXECUTE|[2]
17:09:04.1 (23951639)|STATEMENT_EXECUTE|[3]
17:09:04.1 (24008026)|USER_DEBUG|[3]|DEBUG|a00f4000006OdBEAA0
17:09:04.1 (24037386)|HEAP_ALLOCATE|[2]|Bytes:5
17:09:04.1 (24058610)|VARIABLE_ASSIGNMENT|[2]|tc|null|
17:09:04.24 (24073307)|CUMULATIVE_LIMIT_USAGE
17:09:04.24 (24073307)|LIMIT_USAGE_FOR_NS|(default)|
  Number of SOQL queries: 1 out of 100
  Number of query rows: 1 out of 50000
  Number of SOSL queries: 0 out of 20
  Number of DML statements: 1 out of 150
  Number of DML rows: 1 out of 10000
  Maximum CPU time: 0 out of 10000
  Maximum heap size: 0 out of 6000000
  Number of callouts: 0 out of 100
  Number of Email Invocations: 0 out of 10
  Number of future calls: 0 out of 50
  Number of queueable jobs added to the queue: 0 out of 50
  Number of Mobile Apex push calls: 0 out of 10

17:09:04.24 (24073307)|CUMULATIVE_LIMIT_USAGE_END

17:09:04.1 (24943661)|CODE_UNIT_FINISHED|insertTestCase on Test_Case trigger event BeforeInsert
17:09:04.1 (49102630)|DML_END|[3]
17:09:04.51 (51978206)|CUMULATIVE_LIMIT_USAGE
17:09:04.51 (51978206)|LIMIT_USAGE_FOR_NS|(default)|
  Number of SOQL queries: 1 out of 100
  Number of query rows: 1 out of 50000
  Number of SOSL queries: 0 out of 20
  Number of DML statements: 1 out of 150
  Number of DML rows: 1 out of 10000
  Maximum CPU time: 0 out of 10000
  Maximum heap size: 0 out of 6000000
  Number of callouts: 0 out of 100
  Number of Email Invocations: 0 out of 10
  Number of future calls: 0 out of 50
  Number of queueable jobs added to the queue: 0 out of 50
  Number of Mobile Apex push calls: 0 out of 10

17:09:04.51 (51978206)|CUMULATIVE_LIMIT_USAGE_END

17:09:04.1 (52033251)|CODE_UNIT_FINISHED|execute_anonymous_apex
17:09:04.1 (52905650)|EXECUTION_FINISHED
