42.0 APEX_CODE,FINEST;APEX_PROFILING,INFO;CALLOUT,INFO;DB,INFO;SYSTEM,DEBUG;VALIDATION,INFO;VISUALFORCE,INFO;WAVE,INFO;WORKFLOW,INFO
Execute Anonymous: 
Execute Anonymous: Test_Case__c a = new Test_Case__c(Name = 'Test 2',Title__c = 'El Title');
Execute Anonymous: insert a;
16:33:21.1 (1171901)|USER_INFO|[EXTERNAL]|005f4000001eieE|dpineyro.onboarding@altimetrik.com|Hora de Argentina|GMT-03:00
16:33:21.1 (1193395)|EXECUTION_STARTED
16:33:21.1 (1198130)|CODE_UNIT_STARTED|[EXTERNAL]|execute_anonymous_apex
16:33:21.1 (1330147)|VARIABLE_SCOPE_BEGIN|[2]|a|Test_Case__c|true|false
16:33:21.1 (1435882)|HEAP_ALLOCATE|[72]|Bytes:3
16:33:21.1 (1464715)|HEAP_ALLOCATE|[77]|Bytes:152
16:33:21.1 (1477782)|HEAP_ALLOCATE|[342]|Bytes:408
16:33:21.1 (1489538)|HEAP_ALLOCATE|[355]|Bytes:408
16:33:21.1 (1500551)|HEAP_ALLOCATE|[467]|Bytes:48
16:33:21.1 (1524367)|HEAP_ALLOCATE|[139]|Bytes:6
16:33:21.1 (1539374)|HEAP_ALLOCATE|[EXTERNAL]|Bytes:3
16:33:21.1 (1634238)|STATEMENT_EXECUTE|[1]
16:33:21.1 (1637139)|STATEMENT_EXECUTE|[2]
16:33:21.1 (1665833)|HEAP_ALLOCATE|[2]|Bytes:4
16:33:21.1 (1749349)|HEAP_ALLOCATE|[2]|Bytes:6
16:33:21.1 (1808086)|VARIABLE_ASSIGNMENT|[2]|this.Name|"Test 2"|0x3e76f515
16:33:21.1 (1816384)|HEAP_ALLOCATE|[2]|Bytes:8
16:33:21.1 (1850135)|VARIABLE_ASSIGNMENT|[2]|this.Title__c|"El Title"|0x3e76f515
16:33:21.1 (1888297)|VARIABLE_ASSIGNMENT|[2]|a|{"Name":"Test 2","Title__c":"El Title"}|0x3e76f515
16:33:21.1 (1894708)|STATEMENT_EXECUTE|[3]
16:33:21.1 (1925661)|HEAP_ALLOCATE|[50]|Bytes:5
16:33:21.1 (1943930)|HEAP_ALLOCATE|[56]|Bytes:5
16:33:21.1 (1950754)|HEAP_ALLOCATE|[64]|Bytes:7
16:33:21.1 (1984777)|HEAP_ALLOCATE|[3]|Bytes:8
16:33:21.1 (1995890)|DML_BEGIN|[3]|Op:Insert|Type:Test_Case__c|Rows:1
16:33:21.1 (2032912)|HEAP_ALLOCATE|[EXTERNAL]|Bytes:8
16:33:21.1 (7334475)|CODE_UNIT_STARTED|[EXTERNAL]|01qf4000000Nply|insertTestCase on Test_Case trigger event BeforeInsert
16:33:21.1 (7374031)|HEAP_ALLOCATE|[EXTERNAL]|Bytes:8
16:33:21.1 (7468838)|HEAP_ALLOCATE|[EXTERNAL]|Bytes:3
16:33:21.1 (7484423)|HEAP_ALLOCATE|[EXTERNAL]|Bytes:4
16:33:21.1 (7492732)|VARIABLE_SCOPE_BEGIN|[1]|this|insertTestCase|true|false
16:33:21.1 (7520488)|VARIABLE_ASSIGNMENT|[1]|this|{}|0xdcb4397
16:33:21.1 (7585156)|HEAP_ALLOCATE|[EXTERNAL]|Bytes:4
16:33:21.1 (7591518)|VARIABLE_SCOPE_BEGIN|[1]|this|insertTestCase|true|false
16:33:21.1 (7603316)|VARIABLE_ASSIGNMENT|[1]|this|{}|0xdcb4397
16:33:21.1 (7610526)|STATEMENT_EXECUTE|[1]
16:33:21.1 (7612643)|STATEMENT_EXECUTE|[2]
16:33:21.1 (7616339)|HEAP_ALLOCATE|[2]|Bytes:9
16:33:21.1 (7660994)|USER_DEBUG|[2]|DEBUG|message 0
16:33:21.1 (7673394)|STATEMENT_EXECUTE|[3]
16:33:21.1 (7675364)|STATEMENT_EXECUTE|[4]
16:33:21.1 (7678012)|HEAP_ALLOCATE|[4]|Bytes:9
16:33:21.1 (7689656)|USER_DEBUG|[4]|DEBUG|message 1
16:33:21.7 (7699894)|CUMULATIVE_LIMIT_USAGE
16:33:21.7 (7699894)|LIMIT_USAGE_FOR_NS|(default)|
  Number of SOQL queries: 0 out of 100
  Number of query rows: 0 out of 50000
  Number of SOSL queries: 0 out of 20
  Number of DML statements: 1 out of 150
  Number of DML rows: 1 out of 10000
  Maximum CPU time: 0 out of 10000
  Maximum heap size: 0 out of 6000000
  Number of callouts: 0 out of 100
  Number of Email Invocations: 0 out of 10
  Number of future calls: 0 out of 50
  Number of queueable jobs added to the queue: 0 out of 50
  Number of Mobile Apex push calls: 0 out of 10

16:33:21.7 (7699894)|CUMULATIVE_LIMIT_USAGE_END

16:33:21.1 (8456726)|CODE_UNIT_FINISHED|insertTestCase on Test_Case trigger event BeforeInsert
16:33:21.1 (10830115)|DML_END|[3]
16:33:21.1 (11181186)|VF_PAGE_MESSAGE|Required fields are missing: [Project__c]
16:33:21.1 (11246847)|EXCEPTION_THROWN|[3]|System.DmlException: Insert failed. First exception on row 0; first error: REQUIRED_FIELD_MISSING, Required fields are missing: [Project__c]: [Project__c]
16:33:21.1 (11494978)|HEAP_ALLOCATE|[3]|Bytes:137
16:33:21.1 (11569333)|FATAL_ERROR|System.DmlException: Insert failed. First exception on row 0; first error: REQUIRED_FIELD_MISSING, Required fields are missing: [Project__c]: [Project__c]

AnonymousBlock: line 3, column 1
16:33:21.11 (11580720)|CUMULATIVE_LIMIT_USAGE
16:33:21.11 (11580720)|LIMIT_USAGE_FOR_NS|(default)|
  Number of SOQL queries: 0 out of 100
  Number of query rows: 0 out of 50000
  Number of SOSL queries: 0 out of 20
  Number of DML statements: 1 out of 150
  Number of DML rows: 1 out of 10000
  Maximum CPU time: 0 out of 10000
  Maximum heap size: 0 out of 6000000
  Number of callouts: 0 out of 100
  Number of Email Invocations: 0 out of 10
  Number of future calls: 0 out of 50
  Number of queueable jobs added to the queue: 0 out of 50
  Number of Mobile Apex push calls: 0 out of 10

16:33:21.11 (11580720)|CUMULATIVE_LIMIT_USAGE_END

16:33:21.1 (11609821)|CODE_UNIT_FINISHED|execute_anonymous_apex
16:33:21.1 (12386438)|EXECUTION_FINISHED
