42.0 APEX_CODE,FINEST;APEX_PROFILING,INFO;CALLOUT,INFO;DB,INFO;SYSTEM,DEBUG;VALIDATION,INFO;VISUALFORCE,INFO;WAVE,INFO;WORKFLOW,INFO
Execute Anonymous: Project__c p = [SELECT Name,Status__c FROM Project__c WHERE Name = 'Onboarding'];
Execute Anonymous: Test_Case__c a = new Test_Case__c(Name = 'Test 2',Title__c = 'El Title', Project__c = p.Id);
Execute Anonymous: insert a;
17:10:08.1 (1046984)|USER_INFO|[EXTERNAL]|005f4000001eieE|dpineyro.onboarding@altimetrik.com|Hora de Argentina|GMT-03:00
17:10:08.1 (1067949)|EXECUTION_STARTED
17:10:08.1 (1072739)|CODE_UNIT_STARTED|[EXTERNAL]|execute_anonymous_apex
17:10:08.1 (1213827)|VARIABLE_SCOPE_BEGIN|[2]|a|Test_Case__c|true|false
17:10:08.1 (1238055)|VARIABLE_SCOPE_BEGIN|[1]|p|Project__c|true|false
17:10:08.1 (1375459)|HEAP_ALLOCATE|[72]|Bytes:3
17:10:08.1 (1422298)|HEAP_ALLOCATE|[77]|Bytes:152
17:10:08.1 (1437883)|HEAP_ALLOCATE|[342]|Bytes:408
17:10:08.1 (1450412)|HEAP_ALLOCATE|[355]|Bytes:408
17:10:08.1 (1461261)|HEAP_ALLOCATE|[467]|Bytes:48
17:10:08.1 (1487762)|HEAP_ALLOCATE|[139]|Bytes:6
17:10:08.1 (1505690)|HEAP_ALLOCATE|[EXTERNAL]|Bytes:5
17:10:08.1 (1620543)|STATEMENT_EXECUTE|[1]
17:10:08.1 (1623482)|STATEMENT_EXECUTE|[1]
17:10:08.1 (1626414)|HEAP_ALLOCATE|[1]|Bytes:64
17:10:08.1 (1649032)|HEAP_ALLOCATE|[1]|Bytes:4
17:10:08.1 (1693672)|HEAP_ALLOCATE|[50]|Bytes:5
17:10:08.1 (1715644)|HEAP_ALLOCATE|[56]|Bytes:5
17:10:08.1 (1721889)|HEAP_ALLOCATE|[64]|Bytes:7
17:10:08.1 (1928540)|SOQL_EXECUTE_BEGIN|[1]|Aggregations:0|SELECT Name, Status__c FROM Project__c WHERE Name = 'Onboarding'
17:10:08.1 (5990346)|SOQL_EXECUTE_END|[1]|Rows:1
17:10:08.1 (6015815)|HEAP_ALLOCATE|[1]|Bytes:8
17:10:08.1 (6032695)|HEAP_ALLOCATE|[1]|Bytes:67
17:10:08.1 (6134630)|HEAP_ALLOCATE|[1]|Bytes:8
17:10:08.1 (6146581)|HEAP_ALLOCATE|[1]|Bytes:36
17:10:08.1 (6201868)|HEAP_ALLOCATE|[1]|Bytes:16
17:10:08.1 (6240884)|VARIABLE_ASSIGNMENT|[1]|p|{"Name":"Onboarding","Status__c":"Ongoing","Id":"a00f4000006OdBEAA0"}|0x182b74dd
17:10:08.1 (6249019)|STATEMENT_EXECUTE|[2]
17:10:08.1 (6270385)|HEAP_ALLOCATE|[2]|Bytes:4
17:10:08.1 (6338922)|HEAP_ALLOCATE|[2]|Bytes:6
17:10:08.1 (6374774)|VARIABLE_ASSIGNMENT|[2]|this.Name|"Test 2"|0x11492b03
17:10:08.1 (6381112)|HEAP_ALLOCATE|[2]|Bytes:8
17:10:08.1 (6411021)|VARIABLE_ASSIGNMENT|[2]|this.Title__c|"El Title"|0x11492b03
17:10:08.1 (6455067)|VARIABLE_ASSIGNMENT|[2]|this.Project__c|"a00f4000006OdBEAA0"|0x11492b03
17:10:08.1 (6489956)|VARIABLE_ASSIGNMENT|[2]|a|{"Name":"Test 2","Title__c":"El Title","Project__c":"a00f4000006OdBEAA0"}|0x11492b03
17:10:08.1 (6496267)|STATEMENT_EXECUTE|[3]
17:10:08.1 (6516130)|HEAP_ALLOCATE|[3]|Bytes:8
17:10:08.1 (6528227)|DML_BEGIN|[3]|Op:Insert|Type:Test_Case__c|Rows:1
17:10:08.1 (6555916)|HEAP_ALLOCATE|[EXTERNAL]|Bytes:8
17:10:08.1 (21880345)|CODE_UNIT_STARTED|[EXTERNAL]|01qf4000000Nply|insertTestCase on Test_Case trigger event BeforeInsert
17:10:08.1 (21925097)|HEAP_ALLOCATE|[EXTERNAL]|Bytes:8
17:10:08.1 (22029205)|HEAP_ALLOCATE|[EXTERNAL]|Bytes:1
17:10:08.1 (22070537)|HEAP_ALLOCATE|[EXTERNAL]|Bytes:4
17:10:08.1 (22083477)|VARIABLE_SCOPE_BEGIN|[1]|this|insertTestCase|true|false
17:10:08.1 (22113287)|VARIABLE_ASSIGNMENT|[1]|this|{}|0x2d0c9b7d
17:10:08.1 (22171700)|HEAP_ALLOCATE|[EXTERNAL]|Bytes:4
17:10:08.1 (22193679)|VARIABLE_SCOPE_BEGIN|[1]|this|insertTestCase|true|false
17:10:08.1 (22206527)|VARIABLE_ASSIGNMENT|[1]|this|{}|0x2d0c9b7d
17:10:08.1 (22213435)|STATEMENT_EXECUTE|[1]
17:10:08.1 (22215436)|STATEMENT_EXECUTE|[2]
17:10:08.1 (22367424)|HEAP_ALLOCATE|[2]|Bytes:31
17:10:08.1 (22503366)|FATAL_ERROR|System.ListException: List index out of bounds: 8

Trigger.insertTestCase: line 2, column 1
17:10:08.1 (22515231)|FATAL_ERROR|System.ListException: List index out of bounds: 8

Trigger.insertTestCase: line 2, column 1
17:10:08.22 (22552501)|CUMULATIVE_LIMIT_USAGE
17:10:08.22 (22552501)|LIMIT_USAGE_FOR_NS|(default)|
  Number of SOQL queries: 1 out of 100
  Number of query rows: 1 out of 50000
  Number of SOSL queries: 0 out of 20
  Number of DML statements: 1 out of 150
  Number of DML rows: 1 out of 10000
  Maximum CPU time: 0 out of 10000
  Maximum heap size: 0 out of 6000000
  Number of callouts: 0 out of 100
  Number of Email Invocations: 0 out of 10
  Number of future calls: 0 out of 50
  Number of queueable jobs added to the queue: 0 out of 50
  Number of Mobile Apex push calls: 0 out of 10

17:10:08.22 (22552501)|CUMULATIVE_LIMIT_USAGE_END

17:10:08.1 (23309239)|CODE_UNIT_FINISHED|insertTestCase on Test_Case trigger event BeforeInsert
