42.0 APEX_CODE,FINEST;APEX_PROFILING,INFO;CALLOUT,INFO;DB,INFO;SYSTEM,DEBUG;VALIDATION,INFO;VISUALFORCE,INFO;WAVE,INFO;WORKFLOW,INFO
Execute Anonymous: Project__c p = [SELECT Name,Status__c FROM Project__c WHERE Name = 'Onboarding'];
Execute Anonymous: Test_Case__c a = new Test_Case__c(Name = 'Test 2',Title__c = 'El Title', Project__c = p.Id);
Execute Anonymous: insert a;
17:22:29.0 (975191)|USER_INFO|[EXTERNAL]|005f4000001eieE|dpineyro.onboarding@altimetrik.com|Hora de Argentina|GMT-03:00
17:22:29.0 (999027)|EXECUTION_STARTED
17:22:29.0 (1004600)|CODE_UNIT_STARTED|[EXTERNAL]|execute_anonymous_apex
17:22:29.0 (1148826)|VARIABLE_SCOPE_BEGIN|[2]|a|Test_Case__c|true|false
17:22:29.0 (1178406)|VARIABLE_SCOPE_BEGIN|[1]|p|Project__c|true|false
17:22:29.0 (1291445)|HEAP_ALLOCATE|[72]|Bytes:3
17:22:29.0 (1325489)|HEAP_ALLOCATE|[77]|Bytes:152
17:22:29.0 (1340379)|HEAP_ALLOCATE|[342]|Bytes:408
17:22:29.0 (1354082)|HEAP_ALLOCATE|[355]|Bytes:408
17:22:29.0 (1364412)|HEAP_ALLOCATE|[467]|Bytes:48
17:22:29.0 (1389836)|HEAP_ALLOCATE|[139]|Bytes:6
17:22:29.0 (1406742)|HEAP_ALLOCATE|[EXTERNAL]|Bytes:5
17:22:29.0 (1529992)|STATEMENT_EXECUTE|[1]
17:22:29.0 (1532909)|STATEMENT_EXECUTE|[1]
17:22:29.0 (1536526)|HEAP_ALLOCATE|[1]|Bytes:64
17:22:29.0 (1554952)|HEAP_ALLOCATE|[1]|Bytes:4
17:22:29.0 (1590748)|HEAP_ALLOCATE|[50]|Bytes:5
17:22:29.0 (1610761)|HEAP_ALLOCATE|[56]|Bytes:5
17:22:29.0 (1618300)|HEAP_ALLOCATE|[64]|Bytes:7
17:22:29.0 (1894282)|SOQL_EXECUTE_BEGIN|[1]|Aggregations:0|SELECT Name, Status__c FROM Project__c WHERE Name = 'Onboarding'
17:22:29.0 (6225358)|SOQL_EXECUTE_END|[1]|Rows:1
17:22:29.0 (6271376)|HEAP_ALLOCATE|[1]|Bytes:8
17:22:29.0 (6295156)|HEAP_ALLOCATE|[1]|Bytes:67
17:22:29.0 (6442354)|HEAP_ALLOCATE|[1]|Bytes:8
17:22:29.0 (6463868)|HEAP_ALLOCATE|[1]|Bytes:36
17:22:29.0 (6534077)|HEAP_ALLOCATE|[1]|Bytes:16
17:22:29.0 (6591986)|VARIABLE_ASSIGNMENT|[1]|p|{"Name":"Onboarding","Status__c":"Ongoing","Id":"a00f4000006OdBEAA0"}|0x4ca3bba0
17:22:29.0 (6604448)|STATEMENT_EXECUTE|[2]
17:22:29.0 (6634995)|HEAP_ALLOCATE|[2]|Bytes:4
17:22:29.0 (6736124)|HEAP_ALLOCATE|[2]|Bytes:6
17:22:29.0 (6788560)|VARIABLE_ASSIGNMENT|[2]|this.Name|"Test 2"|0x60fbd943
17:22:29.0 (6799941)|HEAP_ALLOCATE|[2]|Bytes:8
17:22:29.0 (6844137)|VARIABLE_ASSIGNMENT|[2]|this.Title__c|"El Title"|0x60fbd943
17:22:29.0 (6921038)|VARIABLE_ASSIGNMENT|[2]|this.Project__c|"a00f4000006OdBEAA0"|0x60fbd943
17:22:29.0 (6970182)|VARIABLE_ASSIGNMENT|[2]|a|{"Name":"Test 2","Title__c":"El Title","Project__c":"a00f4000006OdBEAA0"}|0x60fbd943
17:22:29.0 (6980692)|STATEMENT_EXECUTE|[3]
17:22:29.0 (7011957)|HEAP_ALLOCATE|[3]|Bytes:8
17:22:29.0 (7030305)|DML_BEGIN|[3]|Op:Insert|Type:Test_Case__c|Rows:1
17:22:29.0 (7072977)|HEAP_ALLOCATE|[EXTERNAL]|Bytes:8
17:22:29.0 (16367679)|CODE_UNIT_STARTED|[EXTERNAL]|01qf4000000Nply|insertTestCase on Test_Case trigger event BeforeInsert
17:22:29.0 (16416105)|HEAP_ALLOCATE|[EXTERNAL]|Bytes:8
17:22:29.0 (16492741)|HEAP_ALLOCATE|[EXTERNAL]|Bytes:1
17:22:29.0 (16504893)|HEAP_ALLOCATE|[EXTERNAL]|Bytes:8
17:22:29.0 (16513343)|VARIABLE_SCOPE_BEGIN|[1]|this|insertTestCase|true|false
17:22:29.0 (16550353)|VARIABLE_ASSIGNMENT|[1]|this|{}|0x13eb7d8
17:22:29.0 (16591841)|HEAP_ALLOCATE|[EXTERNAL]|Bytes:8
17:22:29.0 (16598666)|VARIABLE_SCOPE_BEGIN|[1]|this|insertTestCase|true|false
17:22:29.0 (16610972)|VARIABLE_ASSIGNMENT|[1]|this|{}|0x13eb7d8
17:22:29.0 (16619101)|STATEMENT_EXECUTE|[1]
17:22:29.0 (16621595)|STATEMENT_EXECUTE|[2]
17:22:29.0 (16671746)|HEAP_ALLOCATE|[2]|Bytes:4
17:22:29.0 (16803191)|HEAP_ALLOCATE|[2]|Bytes:4
17:22:29.0 (16809985)|HEAP_ALLOCATE|[2]|Bytes:4
17:22:29.0 (16814039)|HEAP_ALLOCATE|[2]|Bytes:4
17:22:29.0 (16835386)|HEAP_ALLOCATE|[EXTERNAL]|Bytes:8
17:22:29.0 (17082443)|VARIABLE_ASSIGNMENT|[2]|this.c|[{"IsDeleted":false,"OwnerId":"005f4000001eieEAAQ","Project__c":"a00f4000006OdBEAA0","Name":"Test 2","Title__c":"El Title"}]|0x13eb7d8
17:22:29.0 (17092900)|STATEMENT_EXECUTE|[3]
17:22:29.0 (17183544)|HEAP_ALLOCATE|[3]|Bytes:31
17:22:29.0 (17345771)|FATAL_ERROR|System.ListException: List index out of bounds: 5

Trigger.insertTestCase: line 3, column 1
17:22:29.0 (17355361)|FATAL_ERROR|System.ListException: List index out of bounds: 5

Trigger.insertTestCase: line 3, column 1
17:22:29.17 (17394140)|CUMULATIVE_LIMIT_USAGE
17:22:29.17 (17394140)|LIMIT_USAGE_FOR_NS|(default)|
  Number of SOQL queries: 1 out of 100
  Number of query rows: 1 out of 50000
  Number of SOSL queries: 0 out of 20
  Number of DML statements: 1 out of 150
  Number of DML rows: 1 out of 10000
  Maximum CPU time: 0 out of 10000
  Maximum heap size: 0 out of 6000000
  Number of callouts: 0 out of 100
  Number of Email Invocations: 0 out of 10
  Number of future calls: 0 out of 50
  Number of queueable jobs added to the queue: 0 out of 50
  Number of Mobile Apex push calls: 0 out of 10

17:22:29.17 (17394140)|CUMULATIVE_LIMIT_USAGE_END

17:22:29.0 (18142377)|CODE_UNIT_FINISHED|insertTestCase on Test_Case trigger event BeforeInsert
