42.0 APEX_CODE,FINEST;APEX_PROFILING,INFO;CALLOUT,INFO;DB,INFO;SYSTEM,DEBUG;VALIDATION,INFO;VISUALFORCE,INFO;WAVE,INFO;WORKFLOW,INFO
Execute Anonymous: Project__c p = [SELECT Name,Status__c FROM Project__c WHERE Name = 'Danilo Piñeyro'];
Execute Anonymous: Test_Case__c a = new Test_Case__c(Name = 'Test 2',Title__c = 'El Title', Project__c = p.Id);
Execute Anonymous: insert a;
16:59:27.1 (1084692)|USER_INFO|[EXTERNAL]|005f4000001eieE|dpineyro.onboarding@altimetrik.com|Hora de Argentina|GMT-03:00
16:59:27.1 (1103782)|EXECUTION_STARTED
16:59:27.1 (1107644)|CODE_UNIT_STARTED|[EXTERNAL]|execute_anonymous_apex
16:59:27.1 (1215674)|VARIABLE_SCOPE_BEGIN|[2]|a|Test_Case__c|true|false
16:59:27.1 (1239743)|VARIABLE_SCOPE_BEGIN|[1]|p|Project__c|true|false
16:59:27.1 (1332758)|HEAP_ALLOCATE|[72]|Bytes:3
16:59:27.1 (1362916)|HEAP_ALLOCATE|[77]|Bytes:152
16:59:27.1 (1376020)|HEAP_ALLOCATE|[342]|Bytes:408
16:59:27.1 (1388288)|HEAP_ALLOCATE|[355]|Bytes:408
16:59:27.1 (1398750)|HEAP_ALLOCATE|[467]|Bytes:48
16:59:27.1 (1424571)|HEAP_ALLOCATE|[139]|Bytes:6
16:59:27.1 (1439255)|HEAP_ALLOCATE|[EXTERNAL]|Bytes:5
16:59:27.1 (1551655)|STATEMENT_EXECUTE|[1]
16:59:27.1 (1554370)|STATEMENT_EXECUTE|[1]
16:59:27.1 (1557268)|HEAP_ALLOCATE|[1]|Bytes:68
16:59:27.1 (1574973)|HEAP_ALLOCATE|[1]|Bytes:4
16:59:27.1 (1608848)|HEAP_ALLOCATE|[50]|Bytes:5
16:59:27.1 (1626484)|HEAP_ALLOCATE|[56]|Bytes:5
16:59:27.1 (1633896)|HEAP_ALLOCATE|[64]|Bytes:7
16:59:27.1 (1829574)|SOQL_EXECUTE_BEGIN|[1]|Aggregations:0|SELECT Name, Status__c FROM Project__c WHERE Name = 'Danilo Piñeyro'
16:59:27.1 (5883225)|SOQL_EXECUTE_END|[1]|Rows:0
16:59:27.1 (5919155)|HEAP_ALLOCATE|[1]|Bytes:4
16:59:27.1 (5934895)|HEAP_ALLOCATE|[1]|Bytes:0
16:59:27.1 (6049056)|HEAP_ALLOCATE|[1]|Bytes:4
16:59:27.1 (6065818)|HEAP_ALLOCATE|[1]|Bytes:36
16:59:27.1 (6164613)|HEAP_ALLOCATE|[1]|Bytes:46
16:59:27.1 (6303652)|FATAL_ERROR|System.QueryException: List has no rows for assignment to SObject

AnonymousBlock: line 1, column 1
16:59:27.6 (6374511)|CUMULATIVE_LIMIT_USAGE
16:59:27.6 (6374511)|LIMIT_USAGE_FOR_NS|(default)|
  Number of SOQL queries: 1 out of 100
  Number of query rows: 0 out of 50000
  Number of SOSL queries: 0 out of 20
  Number of DML statements: 0 out of 150
  Number of DML rows: 0 out of 10000
  Maximum CPU time: 0 out of 10000
  Maximum heap size: 0 out of 6000000
  Number of callouts: 0 out of 100
  Number of Email Invocations: 0 out of 10
  Number of future calls: 0 out of 50
  Number of queueable jobs added to the queue: 0 out of 50
  Number of Mobile Apex push calls: 0 out of 10

16:59:27.6 (6374511)|CUMULATIVE_LIMIT_USAGE_END

16:59:27.1 (6418158)|CODE_UNIT_FINISHED|execute_anonymous_apex
16:59:27.1 (7317472)|EXECUTION_FINISHED
