42.0 APEX_CODE,FINEST;APEX_PROFILING,INFO;CALLOUT,INFO;DB,INFO;SYSTEM,DEBUG;VALIDATION,INFO;VISUALFORCE,INFO;WAVE,INFO;WORKFLOW,INFO
Execute Anonymous: Project__c p = [SELECT Name,Status__c FROM Project__c WHERE Name = 'Onboarding'];
Execute Anonymous: Test_Case__c a = new Test_Case__c(Name = 'Test 2',Title__c = 'El Title', Project__c = p.Id);
Execute Anonymous: insert a;
17:27:00.1 (1069468)|USER_INFO|[EXTERNAL]|005f4000001eieE|dpineyro.onboarding@altimetrik.com|Hora de Argentina|GMT-03:00
17:27:00.1 (1089833)|EXECUTION_STARTED
17:27:00.1 (1094264)|CODE_UNIT_STARTED|[EXTERNAL]|execute_anonymous_apex
17:27:00.1 (1207652)|VARIABLE_SCOPE_BEGIN|[2]|a|Test_Case__c|true|false
17:27:00.1 (1232878)|VARIABLE_SCOPE_BEGIN|[1]|p|Project__c|true|false
17:27:00.1 (1327791)|HEAP_ALLOCATE|[72]|Bytes:3
17:27:00.1 (1359856)|HEAP_ALLOCATE|[77]|Bytes:152
17:27:00.1 (1373897)|HEAP_ALLOCATE|[342]|Bytes:408
17:27:00.1 (1385632)|HEAP_ALLOCATE|[355]|Bytes:408
17:27:00.1 (1396358)|HEAP_ALLOCATE|[467]|Bytes:48
17:27:00.1 (1419971)|HEAP_ALLOCATE|[139]|Bytes:6
17:27:00.1 (1436587)|HEAP_ALLOCATE|[EXTERNAL]|Bytes:5
17:27:00.1 (1558552)|STATEMENT_EXECUTE|[1]
17:27:00.1 (1561653)|STATEMENT_EXECUTE|[1]
17:27:00.1 (1565226)|HEAP_ALLOCATE|[1]|Bytes:64
17:27:00.1 (1584443)|HEAP_ALLOCATE|[1]|Bytes:4
17:27:00.1 (1625632)|HEAP_ALLOCATE|[50]|Bytes:5
17:27:00.1 (1643890)|HEAP_ALLOCATE|[56]|Bytes:5
17:27:00.1 (1651260)|HEAP_ALLOCATE|[64]|Bytes:7
17:27:00.1 (1843779)|SOQL_EXECUTE_BEGIN|[1]|Aggregations:0|SELECT Name, Status__c FROM Project__c WHERE Name = 'Onboarding'
17:27:00.1 (6154356)|SOQL_EXECUTE_END|[1]|Rows:1
17:27:00.1 (6183178)|HEAP_ALLOCATE|[1]|Bytes:8
17:27:00.1 (6198381)|HEAP_ALLOCATE|[1]|Bytes:67
17:27:00.1 (6272354)|HEAP_ALLOCATE|[1]|Bytes:8
17:27:00.1 (6284908)|HEAP_ALLOCATE|[1]|Bytes:36
17:27:00.1 (6327824)|HEAP_ALLOCATE|[1]|Bytes:16
17:27:00.1 (6361382)|VARIABLE_ASSIGNMENT|[1]|p|{"Name":"Onboarding","Status__c":"Ongoing","Id":"a00f4000006OdBEAA0"}|0x36dc8fa8
17:27:00.1 (6369511)|STATEMENT_EXECUTE|[2]
17:27:00.1 (6391187)|HEAP_ALLOCATE|[2]|Bytes:4
17:27:00.1 (6457645)|HEAP_ALLOCATE|[2]|Bytes:6
17:27:00.1 (6494934)|VARIABLE_ASSIGNMENT|[2]|this.Name|"Test 2"|0x1375ae72
17:27:00.1 (6502282)|HEAP_ALLOCATE|[2]|Bytes:8
17:27:00.1 (6532055)|VARIABLE_ASSIGNMENT|[2]|this.Title__c|"El Title"|0x1375ae72
17:27:00.1 (6579448)|VARIABLE_ASSIGNMENT|[2]|this.Project__c|"a00f4000006OdBEAA0"|0x1375ae72
17:27:00.1 (6620280)|VARIABLE_ASSIGNMENT|[2]|a|{"Name":"Test 2","Title__c":"El Title","Project__c":"a00f4000006OdBEAA0"}|0x1375ae72
17:27:00.1 (6626557)|STATEMENT_EXECUTE|[3]
17:27:00.1 (6646640)|HEAP_ALLOCATE|[3]|Bytes:8
17:27:00.1 (6659906)|DML_BEGIN|[3]|Op:Insert|Type:Test_Case__c|Rows:1
17:27:00.1 (6689528)|HEAP_ALLOCATE|[EXTERNAL]|Bytes:8
17:27:00.1 (24196298)|CODE_UNIT_STARTED|[EXTERNAL]|01qf4000000Nply|insertTestCase on Test_Case trigger event BeforeInsert
17:27:00.1 (24240455)|HEAP_ALLOCATE|[EXTERNAL]|Bytes:8
17:27:00.1 (24335213)|HEAP_ALLOCATE|[EXTERNAL]|Bytes:1
17:27:00.1 (24367760)|HEAP_ALLOCATE|[EXTERNAL]|Bytes:8
17:27:00.1 (24378950)|VARIABLE_SCOPE_BEGIN|[1]|this|insertTestCase|true|false
17:27:00.1 (24417506)|VARIABLE_ASSIGNMENT|[1]|this|{}|0x5aff9233
17:27:00.1 (24469758)|HEAP_ALLOCATE|[EXTERNAL]|Bytes:8
17:27:00.1 (24502774)|VARIABLE_SCOPE_BEGIN|[1]|this|insertTestCase|true|false
17:27:00.1 (24517416)|VARIABLE_ASSIGNMENT|[1]|this|{}|0x5aff9233
17:27:00.1 (24525728)|STATEMENT_EXECUTE|[1]
17:27:00.1 (24528097)|STATEMENT_EXECUTE|[2]
17:27:00.1 (24550962)|HEAP_ALLOCATE|[2]|Bytes:4
17:27:00.1 (24662605)|HEAP_ALLOCATE|[2]|Bytes:4
17:27:00.1 (24669636)|HEAP_ALLOCATE|[2]|Bytes:4
17:27:00.1 (24673042)|HEAP_ALLOCATE|[2]|Bytes:4
17:27:00.1 (24714424)|HEAP_ALLOCATE|[EXTERNAL]|Bytes:8
17:27:00.1 (24904900)|VARIABLE_ASSIGNMENT|[2]|this.c|[{"IsDeleted":false,"OwnerId":"005f4000001eieEAAQ","Project__c":"a00f4000006OdBEAA0","Name":"Test 2","Title__c":"El Title"}]|0x5aff9233
17:27:00.1 (24913091)|STATEMENT_EXECUTE|[3]
17:27:00.1 (24954308)|HEAP_ALLOCATE|[3]|Bytes:4
17:27:00.1 (24995178)|USER_DEBUG|[3]|DEBUG|a00f4000006OdBEAA0
17:27:00.25 (25008458)|CUMULATIVE_LIMIT_USAGE
17:27:00.25 (25008458)|LIMIT_USAGE_FOR_NS|(default)|
  Number of SOQL queries: 1 out of 100
  Number of query rows: 1 out of 50000
  Number of SOSL queries: 0 out of 20
  Number of DML statements: 1 out of 150
  Number of DML rows: 1 out of 10000
  Maximum CPU time: 0 out of 10000
  Maximum heap size: 0 out of 6000000
  Number of callouts: 0 out of 100
  Number of Email Invocations: 0 out of 10
  Number of future calls: 0 out of 50
  Number of queueable jobs added to the queue: 0 out of 50
  Number of Mobile Apex push calls: 0 out of 10

17:27:00.25 (25008458)|CUMULATIVE_LIMIT_USAGE_END

17:27:00.1 (25794935)|CODE_UNIT_FINISHED|insertTestCase on Test_Case trigger event BeforeInsert
17:27:00.1 (65085864)|DML_END|[3]
17:27:00.68 (68063466)|CUMULATIVE_LIMIT_USAGE
17:27:00.68 (68063466)|LIMIT_USAGE_FOR_NS|(default)|
  Number of SOQL queries: 1 out of 100
  Number of query rows: 1 out of 50000
  Number of SOSL queries: 0 out of 20
  Number of DML statements: 1 out of 150
  Number of DML rows: 1 out of 10000
  Maximum CPU time: 0 out of 10000
  Maximum heap size: 0 out of 6000000
  Number of callouts: 0 out of 100
  Number of Email Invocations: 0 out of 10
  Number of future calls: 0 out of 50
  Number of queueable jobs added to the queue: 0 out of 50
  Number of Mobile Apex push calls: 0 out of 10

17:27:00.68 (68063466)|CUMULATIVE_LIMIT_USAGE_END

17:27:00.1 (68100577)|CODE_UNIT_FINISHED|execute_anonymous_apex
17:27:00.1 (69267269)|EXECUTION_FINISHED
