42.0 APEX_CODE,FINEST;APEX_PROFILING,INFO;CALLOUT,INFO;DB,INFO;SYSTEM,DEBUG;VALIDATION,INFO;VISUALFORCE,INFO;WAVE,INFO;WORKFLOW,INFO
Execute Anonymous: Project__c p = [SELECT Name,Status__c FROM Project__c WHERE Name = 'Onboarding'];
Execute Anonymous: Test_Case__c a = new Test_Case__c(Name = 'Test 2',Title__c = 'El Title', Project__c = p.Id);
Execute Anonymous: insert a;
17:10:21.1 (1248463)|USER_INFO|[EXTERNAL]|005f4000001eieE|dpineyro.onboarding@altimetrik.com|Hora de Argentina|GMT-03:00
17:10:21.1 (1273521)|EXECUTION_STARTED
17:10:21.1 (1278536)|CODE_UNIT_STARTED|[EXTERNAL]|execute_anonymous_apex
17:10:21.1 (1474935)|VARIABLE_SCOPE_BEGIN|[2]|a|Test_Case__c|true|false
17:10:21.1 (1519352)|VARIABLE_SCOPE_BEGIN|[1]|p|Project__c|true|false
17:10:21.1 (1650740)|HEAP_ALLOCATE|[72]|Bytes:3
17:10:21.1 (1695254)|HEAP_ALLOCATE|[77]|Bytes:152
17:10:21.1 (1713461)|HEAP_ALLOCATE|[342]|Bytes:408
17:10:21.1 (1731991)|HEAP_ALLOCATE|[355]|Bytes:408
17:10:21.1 (1749498)|HEAP_ALLOCATE|[467]|Bytes:48
17:10:21.1 (1781833)|HEAP_ALLOCATE|[139]|Bytes:6
17:10:21.1 (1806629)|HEAP_ALLOCATE|[EXTERNAL]|Bytes:5
17:10:21.1 (1943546)|STATEMENT_EXECUTE|[1]
17:10:21.1 (1947183)|STATEMENT_EXECUTE|[1]
17:10:21.1 (1951889)|HEAP_ALLOCATE|[1]|Bytes:64
17:10:21.1 (1974338)|HEAP_ALLOCATE|[1]|Bytes:4
17:10:21.1 (2016836)|HEAP_ALLOCATE|[50]|Bytes:5
17:10:21.1 (2051926)|HEAP_ALLOCATE|[56]|Bytes:5
17:10:21.1 (2065154)|HEAP_ALLOCATE|[64]|Bytes:7
17:10:21.1 (2342161)|SOQL_EXECUTE_BEGIN|[1]|Aggregations:0|SELECT Name, Status__c FROM Project__c WHERE Name = 'Onboarding'
17:10:21.1 (7120805)|SOQL_EXECUTE_END|[1]|Rows:1
17:10:21.1 (7156986)|HEAP_ALLOCATE|[1]|Bytes:8
17:10:21.1 (7178465)|HEAP_ALLOCATE|[1]|Bytes:67
17:10:21.1 (7311214)|HEAP_ALLOCATE|[1]|Bytes:8
17:10:21.1 (7332512)|HEAP_ALLOCATE|[1]|Bytes:36
17:10:21.1 (7396626)|HEAP_ALLOCATE|[1]|Bytes:16
17:10:21.1 (7442977)|VARIABLE_ASSIGNMENT|[1]|p|{"Name":"Onboarding","Status__c":"Ongoing","Id":"a00f4000006OdBEAA0"}|0x2e789c37
17:10:21.1 (7452535)|STATEMENT_EXECUTE|[2]
17:10:21.1 (7482524)|HEAP_ALLOCATE|[2]|Bytes:4
17:10:21.1 (7583056)|HEAP_ALLOCATE|[2]|Bytes:6
17:10:21.1 (7631056)|VARIABLE_ASSIGNMENT|[2]|this.Name|"Test 2"|0x4ef4cb2f
17:10:21.1 (7641763)|HEAP_ALLOCATE|[2]|Bytes:8
17:10:21.1 (7687761)|VARIABLE_ASSIGNMENT|[2]|this.Title__c|"El Title"|0x4ef4cb2f
17:10:21.1 (7756250)|VARIABLE_ASSIGNMENT|[2]|this.Project__c|"a00f4000006OdBEAA0"|0x4ef4cb2f
17:10:21.1 (7804314)|VARIABLE_ASSIGNMENT|[2]|a|{"Name":"Test 2","Title__c":"El Title","Project__c":"a00f4000006OdBEAA0"}|0x4ef4cb2f
17:10:21.1 (7812997)|STATEMENT_EXECUTE|[3]
17:10:21.1 (7842576)|HEAP_ALLOCATE|[3]|Bytes:8
17:10:21.1 (7859879)|DML_BEGIN|[3]|Op:Insert|Type:Test_Case__c|Rows:1
17:10:21.1 (7903959)|HEAP_ALLOCATE|[EXTERNAL]|Bytes:8
17:10:21.1 (24491335)|CODE_UNIT_STARTED|[EXTERNAL]|01qf4000000Nply|insertTestCase on Test_Case trigger event BeforeInsert
17:10:21.1 (24547606)|HEAP_ALLOCATE|[EXTERNAL]|Bytes:8
17:10:21.1 (24695835)|HEAP_ALLOCATE|[EXTERNAL]|Bytes:1
17:10:21.1 (24725401)|HEAP_ALLOCATE|[EXTERNAL]|Bytes:4
17:10:21.1 (24740335)|VARIABLE_SCOPE_BEGIN|[1]|this|insertTestCase|true|false
17:10:21.1 (24778225)|VARIABLE_ASSIGNMENT|[1]|this|{}|0x3bc49f51
17:10:21.1 (24858608)|HEAP_ALLOCATE|[EXTERNAL]|Bytes:4
17:10:21.1 (24930523)|VARIABLE_SCOPE_BEGIN|[1]|this|insertTestCase|true|false
17:10:21.1 (24958877)|VARIABLE_ASSIGNMENT|[1]|this|{}|0x3bc49f51
17:10:21.1 (24969605)|STATEMENT_EXECUTE|[1]
17:10:21.1 (24972297)|STATEMENT_EXECUTE|[2]
17:10:21.1 (25217970)|HEAP_ALLOCATE|[2]|Bytes:31
17:10:21.1 (25490115)|FATAL_ERROR|System.ListException: List index out of bounds: 3

Trigger.insertTestCase: line 2, column 1
17:10:21.1 (25507147)|FATAL_ERROR|System.ListException: List index out of bounds: 3

Trigger.insertTestCase: line 2, column 1
17:10:21.25 (25574613)|CUMULATIVE_LIMIT_USAGE
17:10:21.25 (25574613)|LIMIT_USAGE_FOR_NS|(default)|
  Number of SOQL queries: 1 out of 100
  Number of query rows: 1 out of 50000
  Number of SOSL queries: 0 out of 20
  Number of DML statements: 1 out of 150
  Number of DML rows: 1 out of 10000
  Maximum CPU time: 0 out of 10000
  Maximum heap size: 0 out of 6000000
  Number of callouts: 0 out of 100
  Number of Email Invocations: 0 out of 10
  Number of future calls: 0 out of 50
  Number of queueable jobs added to the queue: 0 out of 50
  Number of Mobile Apex push calls: 0 out of 10

17:10:21.25 (25574613)|CUMULATIVE_LIMIT_USAGE_END

17:10:21.1 (26370035)|CODE_UNIT_FINISHED|insertTestCase on Test_Case trigger event BeforeInsert
