42.0 APEX_CODE,FINEST;APEX_PROFILING,INFO;CALLOUT,INFO;DB,INFO;SYSTEM,DEBUG;VALIDATION,INFO;VISUALFORCE,INFO;WAVE,INFO;WORKFLOW,INFO
Execute Anonymous: Project__c p = [SELECT Name,Status__c FROM Project__c WHERE Name = 'Onboarding'];
Execute Anonymous: Test_Case__c a = new Test_Case__c(Name = 'Test 2',Title__c = 'El Title', Project__c = p.Id);
Execute Anonymous: insert a;
17:10:47.1 (1161663)|USER_INFO|[EXTERNAL]|005f4000001eieE|dpineyro.onboarding@altimetrik.com|Hora de Argentina|GMT-03:00
17:10:47.1 (1180867)|EXECUTION_STARTED
17:10:47.1 (1185332)|CODE_UNIT_STARTED|[EXTERNAL]|execute_anonymous_apex
17:10:47.1 (1364892)|VARIABLE_SCOPE_BEGIN|[2]|a|Test_Case__c|true|false
17:10:47.1 (1394222)|VARIABLE_SCOPE_BEGIN|[1]|p|Project__c|true|false
17:10:47.1 (1518158)|HEAP_ALLOCATE|[72]|Bytes:3
17:10:47.1 (1559586)|HEAP_ALLOCATE|[77]|Bytes:152
17:10:47.1 (1574618)|HEAP_ALLOCATE|[342]|Bytes:408
17:10:47.1 (1587229)|HEAP_ALLOCATE|[355]|Bytes:408
17:10:47.1 (1598133)|HEAP_ALLOCATE|[467]|Bytes:48
17:10:47.1 (1624641)|HEAP_ALLOCATE|[139]|Bytes:6
17:10:47.1 (1641885)|HEAP_ALLOCATE|[EXTERNAL]|Bytes:5
17:10:47.1 (1782169)|STATEMENT_EXECUTE|[1]
17:10:47.1 (1785169)|STATEMENT_EXECUTE|[1]
17:10:47.1 (1788866)|HEAP_ALLOCATE|[1]|Bytes:64
17:10:47.1 (1814788)|HEAP_ALLOCATE|[1]|Bytes:4
17:10:47.1 (1857962)|HEAP_ALLOCATE|[50]|Bytes:5
17:10:47.1 (1881543)|HEAP_ALLOCATE|[56]|Bytes:5
17:10:47.1 (1890094)|HEAP_ALLOCATE|[64]|Bytes:7
17:10:47.1 (2126365)|SOQL_EXECUTE_BEGIN|[1]|Aggregations:0|SELECT Name, Status__c FROM Project__c WHERE Name = 'Onboarding'
17:10:47.1 (6359391)|SOQL_EXECUTE_END|[1]|Rows:1
17:10:47.1 (6384781)|HEAP_ALLOCATE|[1]|Bytes:8
17:10:47.1 (6401565)|HEAP_ALLOCATE|[1]|Bytes:67
17:10:47.1 (6504632)|HEAP_ALLOCATE|[1]|Bytes:8
17:10:47.1 (6519111)|HEAP_ALLOCATE|[1]|Bytes:36
17:10:47.1 (6567282)|HEAP_ALLOCATE|[1]|Bytes:16
17:10:47.1 (6606539)|VARIABLE_ASSIGNMENT|[1]|p|{"Name":"Onboarding","Status__c":"Ongoing","Id":"a00f4000006OdBEAA0"}|0x22661962
17:10:47.1 (6614480)|STATEMENT_EXECUTE|[2]
17:10:47.1 (6635960)|HEAP_ALLOCATE|[2]|Bytes:4
17:10:47.1 (6706052)|HEAP_ALLOCATE|[2]|Bytes:6
17:10:47.1 (6743185)|VARIABLE_ASSIGNMENT|[2]|this.Name|"Test 2"|0x7fe221c
17:10:47.1 (6750498)|HEAP_ALLOCATE|[2]|Bytes:8
17:10:47.1 (6783457)|VARIABLE_ASSIGNMENT|[2]|this.Title__c|"El Title"|0x7fe221c
17:10:47.1 (6832853)|VARIABLE_ASSIGNMENT|[2]|this.Project__c|"a00f4000006OdBEAA0"|0x7fe221c
17:10:47.1 (6867591)|VARIABLE_ASSIGNMENT|[2]|a|{"Name":"Test 2","Title__c":"El Title","Project__c":"a00f4000006OdBEAA0"}|0x7fe221c
17:10:47.1 (6873914)|STATEMENT_EXECUTE|[3]
17:10:47.1 (6895495)|HEAP_ALLOCATE|[3]|Bytes:8
17:10:47.1 (6905903)|DML_BEGIN|[3]|Op:Insert|Type:Test_Case__c|Rows:1
17:10:47.1 (6933526)|HEAP_ALLOCATE|[EXTERNAL]|Bytes:8
17:10:47.1 (21838692)|CODE_UNIT_STARTED|[EXTERNAL]|01qf4000000Nply|insertTestCase on Test_Case trigger event BeforeInsert
17:10:47.1 (21881057)|HEAP_ALLOCATE|[EXTERNAL]|Bytes:8
17:10:47.1 (21998688)|HEAP_ALLOCATE|[EXTERNAL]|Bytes:1
17:10:47.1 (22021223)|HEAP_ALLOCATE|[EXTERNAL]|Bytes:4
17:10:47.1 (22032340)|VARIABLE_SCOPE_BEGIN|[1]|this|insertTestCase|true|false
17:10:47.1 (22062963)|VARIABLE_ASSIGNMENT|[1]|this|{}|0x361964c3
17:10:47.1 (22122905)|HEAP_ALLOCATE|[EXTERNAL]|Bytes:4
17:10:47.1 (22140827)|VARIABLE_SCOPE_BEGIN|[1]|this|insertTestCase|true|false
17:10:47.1 (22154953)|VARIABLE_ASSIGNMENT|[1]|this|{}|0x361964c3
17:10:47.1 (22163506)|STATEMENT_EXECUTE|[1]
17:10:47.1 (22165850)|STATEMENT_EXECUTE|[2]
17:10:47.1 (22533444)|USER_DEBUG|[2]|DEBUG|(Test_Case__c:{Id=null, OwnerId=005f4000001eieEAAQ, IsDeleted=false, Name=Test 2, CreatedDate=null, CreatedById=null, LastModifiedDate=null, LastModifiedById=null, SystemModstamp=null, LastViewedDate=null, LastReferencedDate=null, Title__c=El Title, Description__c=null, Preconditions__c=null, Project__c=a00f4000006OdBEAA0, user_story__c=null})
17:10:47.22 (22555920)|CUMULATIVE_LIMIT_USAGE
17:10:47.22 (22555920)|LIMIT_USAGE_FOR_NS|(default)|
  Number of SOQL queries: 1 out of 100
  Number of query rows: 1 out of 50000
  Number of SOSL queries: 0 out of 20
  Number of DML statements: 1 out of 150
  Number of DML rows: 1 out of 10000
  Maximum CPU time: 0 out of 10000
  Maximum heap size: 0 out of 6000000
  Number of callouts: 0 out of 100
  Number of Email Invocations: 0 out of 10
  Number of future calls: 0 out of 50
  Number of queueable jobs added to the queue: 0 out of 50
  Number of Mobile Apex push calls: 0 out of 10

17:10:47.22 (22555920)|CUMULATIVE_LIMIT_USAGE_END

17:10:47.1 (23428495)|CODE_UNIT_FINISHED|insertTestCase on Test_Case trigger event BeforeInsert
17:10:47.1 (49364376)|DML_END|[3]
17:10:47.52 (52088782)|CUMULATIVE_LIMIT_USAGE
17:10:47.52 (52088782)|LIMIT_USAGE_FOR_NS|(default)|
  Number of SOQL queries: 1 out of 100
  Number of query rows: 1 out of 50000
  Number of SOSL queries: 0 out of 20
  Number of DML statements: 1 out of 150
  Number of DML rows: 1 out of 10000
  Maximum CPU time: 0 out of 10000
  Maximum heap size: 0 out of 6000000
  Number of callouts: 0 out of 100
  Number of Email Invocations: 0 out of 10
  Number of future calls: 0 out of 50
  Number of queueable jobs added to the queue: 0 out of 50
  Number of Mobile Apex push calls: 0 out of 10

17:10:47.52 (52088782)|CUMULATIVE_LIMIT_USAGE_END

17:10:47.1 (52144583)|CODE_UNIT_FINISHED|execute_anonymous_apex
17:10:47.1 (53051635)|EXECUTION_FINISHED
