42.0 APEX_CODE,FINEST;APEX_PROFILING,INFO;CALLOUT,INFO;DB,INFO;SYSTEM,DEBUG;VALIDATION,INFO;VISUALFORCE,INFO;WAVE,INFO;WORKFLOW,INFO
Execute Anonymous: Project__c p = [SELECT Name,Status__c FROM Project__c WHERE Name = 'Danilo Piñeyro'];
Execute Anonymous: Test_Case__c a = new Test_Case__c(Name = 'Test 2',Title__c = 'El Title', Project__c = p.Id);
Execute Anonymous: insert a;
17:01:16.1 (1172706)|USER_INFO|[EXTERNAL]|005f4000001eieE|dpineyro.onboarding@altimetrik.com|Hora de Argentina|GMT-03:00
17:01:16.1 (1199560)|EXECUTION_STARTED
17:01:16.1 (1204555)|CODE_UNIT_STARTED|[EXTERNAL]|execute_anonymous_apex
17:01:16.1 (1340516)|VARIABLE_SCOPE_BEGIN|[2]|a|Test_Case__c|true|false
17:01:16.1 (1379625)|VARIABLE_SCOPE_BEGIN|[1]|p|Project__c|true|false
17:01:16.1 (1524381)|HEAP_ALLOCATE|[72]|Bytes:3
17:01:16.1 (1576021)|HEAP_ALLOCATE|[77]|Bytes:152
17:01:16.1 (1598094)|HEAP_ALLOCATE|[342]|Bytes:408
17:01:16.1 (1618713)|HEAP_ALLOCATE|[355]|Bytes:408
17:01:16.1 (1632697)|HEAP_ALLOCATE|[467]|Bytes:48
17:01:16.1 (1660882)|HEAP_ALLOCATE|[139]|Bytes:6
17:01:16.1 (1679711)|HEAP_ALLOCATE|[EXTERNAL]|Bytes:5
17:01:16.1 (1785657)|STATEMENT_EXECUTE|[1]
17:01:16.1 (1788648)|STATEMENT_EXECUTE|[1]
17:01:16.1 (1791757)|HEAP_ALLOCATE|[1]|Bytes:68
17:01:16.1 (1814705)|HEAP_ALLOCATE|[1]|Bytes:4
17:01:16.1 (1854213)|HEAP_ALLOCATE|[50]|Bytes:5
17:01:16.1 (1877864)|HEAP_ALLOCATE|[56]|Bytes:5
17:01:16.1 (1885574)|HEAP_ALLOCATE|[64]|Bytes:7
17:01:16.1 (2120740)|SOQL_EXECUTE_BEGIN|[1]|Aggregations:0|SELECT Name, Status__c FROM Project__c WHERE Name = 'Danilo Piñeyro'
17:01:16.1 (6085097)|SOQL_EXECUTE_END|[1]|Rows:0
17:01:16.1 (6116925)|HEAP_ALLOCATE|[1]|Bytes:4
17:01:16.1 (6130594)|HEAP_ALLOCATE|[1]|Bytes:0
17:01:16.1 (6242738)|HEAP_ALLOCATE|[1]|Bytes:4
17:01:16.1 (6257927)|HEAP_ALLOCATE|[1]|Bytes:36
17:01:16.1 (6359506)|HEAP_ALLOCATE|[1]|Bytes:46
17:01:16.1 (6513552)|FATAL_ERROR|System.QueryException: List has no rows for assignment to SObject

AnonymousBlock: line 1, column 1
17:01:16.6 (6564959)|CUMULATIVE_LIMIT_USAGE
17:01:16.6 (6564959)|LIMIT_USAGE_FOR_NS|(default)|
  Number of SOQL queries: 1 out of 100
  Number of query rows: 0 out of 50000
  Number of SOSL queries: 0 out of 20
  Number of DML statements: 0 out of 150
  Number of DML rows: 0 out of 10000
  Maximum CPU time: 0 out of 10000
  Maximum heap size: 0 out of 6000000
  Number of callouts: 0 out of 100
  Number of Email Invocations: 0 out of 10
  Number of future calls: 0 out of 50
  Number of queueable jobs added to the queue: 0 out of 50
  Number of Mobile Apex push calls: 0 out of 10

17:01:16.6 (6564959)|CUMULATIVE_LIMIT_USAGE_END

17:01:16.1 (6613089)|CODE_UNIT_FINISHED|execute_anonymous_apex
17:01:16.1 (7651041)|EXECUTION_FINISHED
