42.0 APEX_CODE,FINEST;APEX_PROFILING,INFO;CALLOUT,INFO;DB,INFO;SYSTEM,DEBUG;VALIDATION,INFO;VISUALFORCE,INFO;WAVE,INFO;WORKFLOW,INFO
Execute Anonymous: Project__c p = [SELECT Name,Status__c FROM Project__c WHERE Name = 'Danilo Piñeyro'];
Execute Anonymous: Test_Case__c a = new Test_Case__c(Name = 'Test 2',Title__c = 'El Title', Project__c = p.Id);
Execute Anonymous: insert a;
16:59:17.1 (1108110)|USER_INFO|[EXTERNAL]|005f4000001eieE|dpineyro.onboarding@altimetrik.com|Hora de Argentina|GMT-03:00
16:59:17.1 (1165515)|EXECUTION_STARTED
16:59:17.1 (1186898)|CODE_UNIT_STARTED|[EXTERNAL]|execute_anonymous_apex
16:59:17.1 (1728589)|VARIABLE_SCOPE_BEGIN|[2]|a|Test_Case__c|true|false
16:59:17.1 (1792074)|VARIABLE_SCOPE_BEGIN|[1]|p|Project__c|true|false
16:59:17.1 (1928728)|HEAP_ALLOCATE|[72]|Bytes:3
16:59:17.1 (1978707)|HEAP_ALLOCATE|[77]|Bytes:152
16:59:17.1 (1998794)|HEAP_ALLOCATE|[342]|Bytes:408
16:59:17.1 (2018899)|HEAP_ALLOCATE|[355]|Bytes:408
16:59:17.1 (2039005)|HEAP_ALLOCATE|[467]|Bytes:48
16:59:17.1 (2077197)|HEAP_ALLOCATE|[139]|Bytes:6
16:59:17.1 (2103315)|HEAP_ALLOCATE|[EXTERNAL]|Bytes:5
16:59:17.1 (2264124)|STATEMENT_EXECUTE|[1]
16:59:17.1 (2270937)|STATEMENT_EXECUTE|[1]
16:59:17.1 (2276171)|HEAP_ALLOCATE|[1]|Bytes:68
16:59:17.1 (2299153)|HEAP_ALLOCATE|[1]|Bytes:4
16:59:17.1 (2343547)|HEAP_ALLOCATE|[50]|Bytes:5
16:59:17.1 (2371768)|HEAP_ALLOCATE|[56]|Bytes:5
16:59:17.1 (2385417)|HEAP_ALLOCATE|[64]|Bytes:7
16:59:17.1 (2675666)|SOQL_EXECUTE_BEGIN|[1]|Aggregations:0|SELECT Name, Status__c FROM Project__c WHERE Name = 'Danilo Piñeyro'
16:59:17.1 (16129564)|SOQL_EXECUTE_END|[1]|Rows:0
16:59:17.1 (16176807)|HEAP_ALLOCATE|[1]|Bytes:4
16:59:17.1 (16195676)|HEAP_ALLOCATE|[1]|Bytes:0
16:59:17.1 (16332368)|HEAP_ALLOCATE|[1]|Bytes:4
16:59:17.1 (16353814)|HEAP_ALLOCATE|[1]|Bytes:36
16:59:17.1 (16474420)|HEAP_ALLOCATE|[1]|Bytes:46
16:59:17.1 (16651869)|FATAL_ERROR|System.QueryException: List has no rows for assignment to SObject

AnonymousBlock: line 1, column 1
16:59:17.16 (16736272)|CUMULATIVE_LIMIT_USAGE
16:59:17.16 (16736272)|LIMIT_USAGE_FOR_NS|(default)|
  Number of SOQL queries: 1 out of 100
  Number of query rows: 0 out of 50000
  Number of SOSL queries: 0 out of 20
  Number of DML statements: 0 out of 150
  Number of DML rows: 0 out of 10000
  Maximum CPU time: 0 out of 10000
  Maximum heap size: 0 out of 6000000
  Number of callouts: 0 out of 100
  Number of Email Invocations: 0 out of 10
  Number of future calls: 0 out of 50
  Number of queueable jobs added to the queue: 0 out of 50
  Number of Mobile Apex push calls: 0 out of 10

16:59:17.16 (16736272)|CUMULATIVE_LIMIT_USAGE_END

16:59:17.1 (16792207)|CODE_UNIT_FINISHED|execute_anonymous_apex
16:59:17.1 (17643919)|EXECUTION_FINISHED
