42.0 APEX_CODE,FINEST;APEX_PROFILING,INFO;CALLOUT,INFO;DB,INFO;SYSTEM,DEBUG;VALIDATION,INFO;VISUALFORCE,INFO;WAVE,INFO;WORKFLOW,INFO
Execute Anonymous: Project__c p = [SELECT Name,Status__c FROM Project__c WHERE Name = 'Onboarding'];
Execute Anonymous: Test_Case__c a = new Test_Case__c(Name = 'Test 2',Title__c = 'El Title', Project__c = p.Id);
Execute Anonymous: insert a;
17:10:37.1 (1076725)|USER_INFO|[EXTERNAL]|005f4000001eieE|dpineyro.onboarding@altimetrik.com|Hora de Argentina|GMT-03:00
17:10:37.1 (1098833)|EXECUTION_STARTED
17:10:37.1 (1104159)|CODE_UNIT_STARTED|[EXTERNAL]|execute_anonymous_apex
17:10:37.1 (1248770)|VARIABLE_SCOPE_BEGIN|[2]|a|Test_Case__c|true|false
17:10:37.1 (1275726)|VARIABLE_SCOPE_BEGIN|[1]|p|Project__c|true|false
17:10:37.1 (1398914)|HEAP_ALLOCATE|[72]|Bytes:3
17:10:37.1 (1444150)|HEAP_ALLOCATE|[77]|Bytes:152
17:10:37.1 (1461513)|HEAP_ALLOCATE|[342]|Bytes:408
17:10:37.1 (1475261)|HEAP_ALLOCATE|[355]|Bytes:408
17:10:37.1 (1485952)|HEAP_ALLOCATE|[467]|Bytes:48
17:10:37.1 (1513675)|HEAP_ALLOCATE|[139]|Bytes:6
17:10:37.1 (1529667)|HEAP_ALLOCATE|[EXTERNAL]|Bytes:5
17:10:37.1 (1651683)|STATEMENT_EXECUTE|[1]
17:10:37.1 (1655252)|STATEMENT_EXECUTE|[1]
17:10:37.1 (1658880)|HEAP_ALLOCATE|[1]|Bytes:64
17:10:37.1 (1683303)|HEAP_ALLOCATE|[1]|Bytes:4
17:10:37.1 (1724128)|HEAP_ALLOCATE|[50]|Bytes:5
17:10:37.1 (1748362)|HEAP_ALLOCATE|[56]|Bytes:5
17:10:37.1 (1755248)|HEAP_ALLOCATE|[64]|Bytes:7
17:10:37.1 (1969295)|SOQL_EXECUTE_BEGIN|[1]|Aggregations:0|SELECT Name, Status__c FROM Project__c WHERE Name = 'Onboarding'
17:10:37.1 (5987234)|SOQL_EXECUTE_END|[1]|Rows:1
17:10:37.1 (6018654)|HEAP_ALLOCATE|[1]|Bytes:8
17:10:37.1 (6035623)|HEAP_ALLOCATE|[1]|Bytes:67
17:10:37.1 (6157056)|HEAP_ALLOCATE|[1]|Bytes:8
17:10:37.1 (6171722)|HEAP_ALLOCATE|[1]|Bytes:36
17:10:37.1 (6220686)|HEAP_ALLOCATE|[1]|Bytes:16
17:10:37.1 (6265262)|VARIABLE_ASSIGNMENT|[1]|p|{"Name":"Onboarding","Status__c":"Ongoing","Id":"a00f4000006OdBEAA0"}|0x7e3027c0
17:10:37.1 (6273100)|STATEMENT_EXECUTE|[2]
17:10:37.1 (6295280)|HEAP_ALLOCATE|[2]|Bytes:4
17:10:37.1 (6375991)|HEAP_ALLOCATE|[2]|Bytes:6
17:10:37.1 (6414589)|VARIABLE_ASSIGNMENT|[2]|this.Name|"Test 2"|0x15e96d6a
17:10:37.1 (6422337)|HEAP_ALLOCATE|[2]|Bytes:8
17:10:37.1 (6455229)|VARIABLE_ASSIGNMENT|[2]|this.Title__c|"El Title"|0x15e96d6a
17:10:37.1 (6504521)|VARIABLE_ASSIGNMENT|[2]|this.Project__c|"a00f4000006OdBEAA0"|0x15e96d6a
17:10:37.1 (6542410)|VARIABLE_ASSIGNMENT|[2]|a|{"Name":"Test 2","Title__c":"El Title","Project__c":"a00f4000006OdBEAA0"}|0x15e96d6a
17:10:37.1 (6548778)|STATEMENT_EXECUTE|[3]
17:10:37.1 (6572250)|HEAP_ALLOCATE|[3]|Bytes:8
17:10:37.1 (6584648)|DML_BEGIN|[3]|Op:Insert|Type:Test_Case__c|Rows:1
17:10:37.1 (6616722)|HEAP_ALLOCATE|[EXTERNAL]|Bytes:8
17:10:37.1 (11388250)|CODE_UNIT_STARTED|[EXTERNAL]|01qf4000000Nply|insertTestCase on Test_Case trigger event BeforeInsert
17:10:37.1 (11427906)|HEAP_ALLOCATE|[EXTERNAL]|Bytes:8
17:10:37.1 (11527485)|HEAP_ALLOCATE|[EXTERNAL]|Bytes:1
17:10:37.1 (11546211)|HEAP_ALLOCATE|[EXTERNAL]|Bytes:4
17:10:37.1 (11555043)|VARIABLE_SCOPE_BEGIN|[1]|this|insertTestCase|true|false
17:10:37.1 (11581835)|VARIABLE_ASSIGNMENT|[1]|this|{}|0x2710fa15
17:10:37.1 (11638939)|HEAP_ALLOCATE|[EXTERNAL]|Bytes:4
17:10:37.1 (11646529)|VARIABLE_SCOPE_BEGIN|[1]|this|insertTestCase|true|false
17:10:37.1 (11658069)|VARIABLE_ASSIGNMENT|[1]|this|{}|0x2710fa15
17:10:37.1 (11664938)|STATEMENT_EXECUTE|[1]
17:10:37.1 (11667129)|STATEMENT_EXECUTE|[2]
17:10:37.1 (11801126)|HEAP_ALLOCATE|[2]|Bytes:31
17:10:37.1 (11939863)|FATAL_ERROR|System.ListException: List index out of bounds: 3

Trigger.insertTestCase: line 2, column 1
17:10:37.1 (11952625)|FATAL_ERROR|System.ListException: List index out of bounds: 3

Trigger.insertTestCase: line 2, column 1
17:10:37.11 (11992548)|CUMULATIVE_LIMIT_USAGE
17:10:37.11 (11992548)|LIMIT_USAGE_FOR_NS|(default)|
  Number of SOQL queries: 1 out of 100
  Number of query rows: 1 out of 50000
  Number of SOSL queries: 0 out of 20
  Number of DML statements: 1 out of 150
  Number of DML rows: 1 out of 10000
  Maximum CPU time: 0 out of 10000
  Maximum heap size: 0 out of 6000000
  Number of callouts: 0 out of 100
  Number of Email Invocations: 0 out of 10
  Number of future calls: 0 out of 50
  Number of queueable jobs added to the queue: 0 out of 50
  Number of Mobile Apex push calls: 0 out of 10

17:10:37.11 (11992548)|CUMULATIVE_LIMIT_USAGE_END

17:10:37.1 (12770741)|CODE_UNIT_FINISHED|insertTestCase on Test_Case trigger event BeforeInsert
