42.0 APEX_CODE,FINEST;APEX_PROFILING,INFO;CALLOUT,INFO;DB,INFO;SYSTEM,DEBUG;VALIDATION,INFO;VISUALFORCE,INFO;WAVE,INFO;WORKFLOW,INFO
Execute Anonymous: Project__c p = [SELECT Name,Status__c FROM Project__c WHERE Name = 'Onboarding'];
Execute Anonymous: Test_Case__c a = new Test_Case__c(Name = 'Test 2',Title__c = 'El Title', Project__c = p.Id);
Execute Anonymous: insert a;
17:22:04.1 (1049588)|USER_INFO|[EXTERNAL]|005f4000001eieE|dpineyro.onboarding@altimetrik.com|Hora de Argentina|GMT-03:00
17:22:04.1 (1076059)|EXECUTION_STARTED
17:22:04.1 (1081156)|CODE_UNIT_STARTED|[EXTERNAL]|execute_anonymous_apex
17:22:04.1 (1234804)|VARIABLE_SCOPE_BEGIN|[2]|a|Test_Case__c|true|false
17:22:04.1 (1262896)|VARIABLE_SCOPE_BEGIN|[1]|p|Project__c|true|false
17:22:04.1 (1387674)|HEAP_ALLOCATE|[72]|Bytes:3
17:22:04.1 (1433292)|HEAP_ALLOCATE|[77]|Bytes:152
17:22:04.1 (1448441)|HEAP_ALLOCATE|[342]|Bytes:408
17:22:04.1 (1461342)|HEAP_ALLOCATE|[355]|Bytes:408
17:22:04.1 (1472319)|HEAP_ALLOCATE|[467]|Bytes:48
17:22:04.1 (1501622)|HEAP_ALLOCATE|[139]|Bytes:6
17:22:04.1 (1517869)|HEAP_ALLOCATE|[EXTERNAL]|Bytes:5
17:22:04.1 (1660155)|STATEMENT_EXECUTE|[1]
17:22:04.1 (1663307)|STATEMENT_EXECUTE|[1]
17:22:04.1 (1666626)|HEAP_ALLOCATE|[1]|Bytes:64
17:22:04.1 (1694185)|HEAP_ALLOCATE|[1]|Bytes:4
17:22:04.1 (1733230)|HEAP_ALLOCATE|[50]|Bytes:5
17:22:04.1 (1757926)|HEAP_ALLOCATE|[56]|Bytes:5
17:22:04.1 (1765071)|HEAP_ALLOCATE|[64]|Bytes:7
17:22:04.1 (1969972)|SOQL_EXECUTE_BEGIN|[1]|Aggregations:0|SELECT Name, Status__c FROM Project__c WHERE Name = 'Onboarding'
17:22:04.1 (5830522)|SOQL_EXECUTE_END|[1]|Rows:1
17:22:04.1 (5860665)|HEAP_ALLOCATE|[1]|Bytes:8
17:22:04.1 (5878679)|HEAP_ALLOCATE|[1]|Bytes:67
17:22:04.1 (6001545)|HEAP_ALLOCATE|[1]|Bytes:8
17:22:04.1 (6019115)|HEAP_ALLOCATE|[1]|Bytes:36
17:22:04.1 (6078188)|HEAP_ALLOCATE|[1]|Bytes:16
17:22:04.1 (6119085)|VARIABLE_ASSIGNMENT|[1]|p|{"Name":"Onboarding","Status__c":"Ongoing","Id":"a00f4000006OdBEAA0"}|0x6dce1b0
17:22:04.1 (6127620)|STATEMENT_EXECUTE|[2]
17:22:04.1 (6152063)|HEAP_ALLOCATE|[2]|Bytes:4
17:22:04.1 (6233865)|HEAP_ALLOCATE|[2]|Bytes:6
17:22:04.1 (6275004)|VARIABLE_ASSIGNMENT|[2]|this.Name|"Test 2"|0x5c7d0014
17:22:04.1 (6282247)|HEAP_ALLOCATE|[2]|Bytes:8
17:22:04.1 (6315558)|VARIABLE_ASSIGNMENT|[2]|this.Title__c|"El Title"|0x5c7d0014
17:22:04.1 (6366459)|VARIABLE_ASSIGNMENT|[2]|this.Project__c|"a00f4000006OdBEAA0"|0x5c7d0014
17:22:04.1 (6405292)|VARIABLE_ASSIGNMENT|[2]|a|{"Name":"Test 2","Title__c":"El Title","Project__c":"a00f4000006OdBEAA0"}|0x5c7d0014
17:22:04.1 (6411733)|STATEMENT_EXECUTE|[3]
17:22:04.1 (6436065)|HEAP_ALLOCATE|[3]|Bytes:8
17:22:04.1 (6447873)|DML_BEGIN|[3]|Op:Insert|Type:Test_Case__c|Rows:1
17:22:04.1 (6480595)|HEAP_ALLOCATE|[EXTERNAL]|Bytes:8
17:22:04.1 (23618745)|CODE_UNIT_STARTED|[EXTERNAL]|01qf4000000Nply|insertTestCase on Test_Case trigger event BeforeInsert
17:22:04.1 (23679676)|HEAP_ALLOCATE|[EXTERNAL]|Bytes:8
17:22:04.1 (23810566)|HEAP_ALLOCATE|[EXTERNAL]|Bytes:1
17:22:04.1 (23868673)|HEAP_ALLOCATE|[EXTERNAL]|Bytes:8
17:22:04.1 (23880589)|VARIABLE_SCOPE_BEGIN|[1]|this|insertTestCase|true|false
17:22:04.1 (23922168)|VARIABLE_ASSIGNMENT|[1]|this|{}|0x6705d274
17:22:04.1 (23986554)|HEAP_ALLOCATE|[EXTERNAL]|Bytes:8
17:22:04.1 (24020243)|VARIABLE_SCOPE_BEGIN|[1]|this|insertTestCase|true|false
17:22:04.1 (24036839)|VARIABLE_ASSIGNMENT|[1]|this|{}|0x6705d274
17:22:04.1 (24044755)|STATEMENT_EXECUTE|[1]
17:22:04.1 (24047279)|STATEMENT_EXECUTE|[2]
17:22:04.1 (24083210)|HEAP_ALLOCATE|[2]|Bytes:4
17:22:04.1 (24239749)|HEAP_ALLOCATE|[2]|Bytes:4
17:22:04.1 (24246993)|HEAP_ALLOCATE|[2]|Bytes:4
17:22:04.1 (24252432)|HEAP_ALLOCATE|[2]|Bytes:4
17:22:04.1 (24281355)|HEAP_ALLOCATE|[EXTERNAL]|Bytes:8
17:22:04.1 (24503179)|VARIABLE_ASSIGNMENT|[2]|this.c|[{"IsDeleted":false,"OwnerId":"005f4000001eieEAAQ","Project__c":"a00f4000006OdBEAA0","Name":"Test 2","Title__c":"El Title"}]|0x6705d274
17:22:04.1 (24512575)|STATEMENT_EXECUTE|[3]
17:22:04.1 (24611793)|HEAP_ALLOCATE|[3]|Bytes:31
17:22:04.1 (24777907)|FATAL_ERROR|System.ListException: List index out of bounds: 5

Trigger.insertTestCase: line 3, column 1
17:22:04.1 (24790719)|FATAL_ERROR|System.ListException: List index out of bounds: 5

Trigger.insertTestCase: line 3, column 1
17:22:04.24 (24831868)|CUMULATIVE_LIMIT_USAGE
17:22:04.24 (24831868)|LIMIT_USAGE_FOR_NS|(default)|
  Number of SOQL queries: 1 out of 100
  Number of query rows: 1 out of 50000
  Number of SOSL queries: 0 out of 20
  Number of DML statements: 1 out of 150
  Number of DML rows: 1 out of 10000
  Maximum CPU time: 0 out of 10000
  Maximum heap size: 0 out of 6000000
  Number of callouts: 0 out of 100
  Number of Email Invocations: 0 out of 10
  Number of future calls: 0 out of 50
  Number of queueable jobs added to the queue: 0 out of 50
  Number of Mobile Apex push calls: 0 out of 10

17:22:04.24 (24831868)|CUMULATIVE_LIMIT_USAGE_END

17:22:04.1 (25584309)|CODE_UNIT_FINISHED|insertTestCase on Test_Case trigger event BeforeInsert
