42.0 APEX_CODE,FINEST;APEX_PROFILING,INFO;CALLOUT,INFO;DB,INFO;SYSTEM,DEBUG;VALIDATION,INFO;VISUALFORCE,INFO;WAVE,INFO;WORKFLOW,INFO
Execute Anonymous: Project__c p = [SELECT Name,Status__c FROM Project__c WHERE Name = 'Onboarding'];
Execute Anonymous: Test_Case__c a = new Test_Case__c(Name = 'Test 2',Title__c = 'El Title', Project__c = p.Id);
Execute Anonymous: insert a;
17:22:18.1 (1063659)|USER_INFO|[EXTERNAL]|005f4000001eieE|dpineyro.onboarding@altimetrik.com|Hora de Argentina|GMT-03:00
17:22:18.1 (1086228)|EXECUTION_STARTED
17:22:18.1 (1091858)|CODE_UNIT_STARTED|[EXTERNAL]|execute_anonymous_apex
17:22:18.1 (1210949)|VARIABLE_SCOPE_BEGIN|[2]|a|Test_Case__c|true|false
17:22:18.1 (1237083)|VARIABLE_SCOPE_BEGIN|[1]|p|Project__c|true|false
17:22:18.1 (1343405)|HEAP_ALLOCATE|[72]|Bytes:3
17:22:18.1 (1376560)|HEAP_ALLOCATE|[77]|Bytes:152
17:22:18.1 (1390296)|HEAP_ALLOCATE|[342]|Bytes:408
17:22:18.1 (1403457)|HEAP_ALLOCATE|[355]|Bytes:408
17:22:18.1 (1415144)|HEAP_ALLOCATE|[467]|Bytes:48
17:22:18.1 (1439692)|HEAP_ALLOCATE|[139]|Bytes:6
17:22:18.1 (1455784)|HEAP_ALLOCATE|[EXTERNAL]|Bytes:5
17:22:18.1 (1566407)|STATEMENT_EXECUTE|[1]
17:22:18.1 (1569265)|STATEMENT_EXECUTE|[1]
17:22:18.1 (1573028)|HEAP_ALLOCATE|[1]|Bytes:64
17:22:18.1 (1589747)|HEAP_ALLOCATE|[1]|Bytes:4
17:22:18.1 (1624980)|HEAP_ALLOCATE|[50]|Bytes:5
17:22:18.1 (1645173)|HEAP_ALLOCATE|[56]|Bytes:5
17:22:18.1 (1651940)|HEAP_ALLOCATE|[64]|Bytes:7
17:22:18.1 (1844328)|SOQL_EXECUTE_BEGIN|[1]|Aggregations:0|SELECT Name, Status__c FROM Project__c WHERE Name = 'Onboarding'
17:22:18.1 (5710100)|SOQL_EXECUTE_END|[1]|Rows:1
17:22:18.1 (5734108)|HEAP_ALLOCATE|[1]|Bytes:8
17:22:18.1 (5748632)|HEAP_ALLOCATE|[1]|Bytes:67
17:22:18.1 (5833277)|HEAP_ALLOCATE|[1]|Bytes:8
17:22:18.1 (5845699)|HEAP_ALLOCATE|[1]|Bytes:36
17:22:18.1 (5895209)|HEAP_ALLOCATE|[1]|Bytes:16
17:22:18.1 (5932525)|VARIABLE_ASSIGNMENT|[1]|p|{"Name":"Onboarding","Status__c":"Ongoing","Id":"a00f4000006OdBEAA0"}|0x239735a0
17:22:18.1 (5939814)|STATEMENT_EXECUTE|[2]
17:22:18.1 (5960200)|HEAP_ALLOCATE|[2]|Bytes:4
17:22:18.1 (6028287)|HEAP_ALLOCATE|[2]|Bytes:6
17:22:18.1 (6066287)|VARIABLE_ASSIGNMENT|[2]|this.Name|"Test 2"|0x32d884e1
17:22:18.1 (6073677)|HEAP_ALLOCATE|[2]|Bytes:8
17:22:18.1 (6105106)|VARIABLE_ASSIGNMENT|[2]|this.Title__c|"El Title"|0x32d884e1
17:22:18.1 (6151796)|VARIABLE_ASSIGNMENT|[2]|this.Project__c|"a00f4000006OdBEAA0"|0x32d884e1
17:22:18.1 (6185870)|VARIABLE_ASSIGNMENT|[2]|a|{"Name":"Test 2","Title__c":"El Title","Project__c":"a00f4000006OdBEAA0"}|0x32d884e1
17:22:18.1 (6191606)|STATEMENT_EXECUTE|[3]
17:22:18.1 (6209779)|HEAP_ALLOCATE|[3]|Bytes:8
17:22:18.1 (6220751)|DML_BEGIN|[3]|Op:Insert|Type:Test_Case__c|Rows:1
17:22:18.1 (6247440)|HEAP_ALLOCATE|[EXTERNAL]|Bytes:8
17:22:18.1 (10549656)|CODE_UNIT_STARTED|[EXTERNAL]|01qf4000000Nply|insertTestCase on Test_Case trigger event BeforeInsert
17:22:18.1 (10578558)|HEAP_ALLOCATE|[EXTERNAL]|Bytes:8
17:22:18.1 (10653376)|HEAP_ALLOCATE|[EXTERNAL]|Bytes:1
17:22:18.1 (10685890)|HEAP_ALLOCATE|[EXTERNAL]|Bytes:8
17:22:18.1 (10695151)|VARIABLE_SCOPE_BEGIN|[1]|this|insertTestCase|true|false
17:22:18.1 (10730747)|VARIABLE_ASSIGNMENT|[1]|this|{}|0x5c6c3c35
17:22:18.1 (10787185)|HEAP_ALLOCATE|[EXTERNAL]|Bytes:8
17:22:18.1 (10794929)|VARIABLE_SCOPE_BEGIN|[1]|this|insertTestCase|true|false
17:22:18.1 (10808127)|VARIABLE_ASSIGNMENT|[1]|this|{}|0x5c6c3c35
17:22:18.1 (10814942)|STATEMENT_EXECUTE|[1]
17:22:18.1 (10817017)|STATEMENT_EXECUTE|[2]
17:22:18.1 (10837266)|HEAP_ALLOCATE|[2]|Bytes:4
17:22:18.1 (10927245)|HEAP_ALLOCATE|[2]|Bytes:4
17:22:18.1 (10933942)|HEAP_ALLOCATE|[2]|Bytes:4
17:22:18.1 (10937158)|HEAP_ALLOCATE|[2]|Bytes:4
17:22:18.1 (10960046)|HEAP_ALLOCATE|[EXTERNAL]|Bytes:8
17:22:18.1 (11174438)|VARIABLE_ASSIGNMENT|[2]|this.c|[{"IsDeleted":false,"OwnerId":"005f4000001eieEAAQ","Project__c":"a00f4000006OdBEAA0","Name":"Test 2","Title__c":"El Title"}]|0x5c6c3c35
17:22:18.1 (11183607)|STATEMENT_EXECUTE|[3]
17:22:18.1 (11253743)|HEAP_ALLOCATE|[3]|Bytes:31
17:22:18.1 (11388475)|FATAL_ERROR|System.ListException: List index out of bounds: 5

Trigger.insertTestCase: line 3, column 1
17:22:18.1 (11400231)|FATAL_ERROR|System.ListException: List index out of bounds: 5

Trigger.insertTestCase: line 3, column 1
17:22:18.11 (11439361)|CUMULATIVE_LIMIT_USAGE
17:22:18.11 (11439361)|LIMIT_USAGE_FOR_NS|(default)|
  Number of SOQL queries: 1 out of 100
  Number of query rows: 1 out of 50000
  Number of SOSL queries: 0 out of 20
  Number of DML statements: 1 out of 150
  Number of DML rows: 1 out of 10000
  Maximum CPU time: 0 out of 10000
  Maximum heap size: 0 out of 6000000
  Number of callouts: 0 out of 100
  Number of Email Invocations: 0 out of 10
  Number of future calls: 0 out of 50
  Number of queueable jobs added to the queue: 0 out of 50
  Number of Mobile Apex push calls: 0 out of 10

17:22:18.11 (11439361)|CUMULATIVE_LIMIT_USAGE_END

17:22:18.1 (12196491)|CODE_UNIT_FINISHED|insertTestCase on Test_Case trigger event BeforeInsert
